{"D:\\LearningSpace\\Algorithms\\Leetcode-Every-Day\\Theory\\DataStructure\\Array\\array.js": {"path":"D:\\LearningSpace\\Algorithms\\Leetcode-Every-Day\\Theory\\DataStructure\\Array\\array.js","all":false,"statementMap":{"0":{"start":{"line":1,"column":0},"end":{"line":1,"column":7}},"1":{"start":{"line":2,"column":0},"end":{"line":2,"column":13}},"2":{"start":{"line":3,"column":0},"end":{"line":3,"column":22}},"3":{"start":{"line":4,"column":0},"end":{"line":4,"column":15}},"4":{"start":{"line":5,"column":0},"end":{"line":5,"column":13}},"5":{"start":{"line":6,"column":0},"end":{"line":6,"column":16}},"6":{"start":{"line":7,"column":0},"end":{"line":7,"column":8}},"7":{"start":{"line":8,"column":0},"end":{"line":8,"column":9}},"8":{"start":{"line":9,"column":0},"end":{"line":9,"column":5}},"9":{"start":{"line":10,"column":0},"end":{"line":10,"column":33}},"10":{"start":{"line":11,"column":0},"end":{"line":11,"column":0}},"11":{"start":{"line":12,"column":0},"end":{"line":12,"column":62}},"12":{"start":{"line":13,"column":0},"end":{"line":13,"column":23}},"13":{"start":{"line":14,"column":0},"end":{"line":14,"column":29}},"14":{"start":{"line":15,"column":0},"end":{"line":15,"column":16}},"15":{"start":{"line":16,"column":0},"end":{"line":16,"column":37}},"16":{"start":{"line":17,"column":0},"end":{"line":17,"column":0}},"17":{"start":{"line":18,"column":0},"end":{"line":18,"column":21}},"18":{"start":{"line":19,"column":0},"end":{"line":19,"column":43}},"19":{"start":{"line":20,"column":0},"end":{"line":20,"column":24}},"20":{"start":{"line":21,"column":0},"end":{"line":21,"column":36}},"21":{"start":{"line":22,"column":0},"end":{"line":22,"column":66}},"22":{"start":{"line":23,"column":0},"end":{"line":23,"column":32}},"23":{"start":{"line":24,"column":0},"end":{"line":24,"column":10}},"24":{"start":{"line":25,"column":0},"end":{"line":25,"column":5}},"25":{"start":{"line":26,"column":0},"end":{"line":26,"column":0}},"26":{"start":{"line":27,"column":0},"end":{"line":27,"column":21}},"27":{"start":{"line":28,"column":0},"end":{"line":28,"column":14}},"28":{"start":{"line":29,"column":0},"end":{"line":29,"column":0}},"29":{"start":{"line":30,"column":0},"end":{"line":30,"column":16}},"30":{"start":{"line":31,"column":0},"end":{"line":31,"column":21}},"31":{"start":{"line":32,"column":0},"end":{"line":32,"column":19}},"32":{"start":{"line":33,"column":0},"end":{"line":33,"column":31}},"33":{"start":{"line":34,"column":0},"end":{"line":34,"column":0}},"34":{"start":{"line":35,"column":0},"end":{"line":35,"column":22}},"35":{"start":{"line":36,"column":0},"end":{"line":36,"column":44}},"36":{"start":{"line":37,"column":0},"end":{"line":37,"column":0}},"37":{"start":{"line":38,"column":0},"end":{"line":38,"column":29}},"38":{"start":{"line":39,"column":0},"end":{"line":39,"column":32}},"39":{"start":{"line":40,"column":0},"end":{"line":40,"column":23}},"40":{"start":{"line":41,"column":0},"end":{"line":41,"column":38}},"41":{"start":{"line":42,"column":0},"end":{"line":42,"column":29}},"42":{"start":{"line":43,"column":0},"end":{"line":43,"column":57}},"43":{"start":{"line":44,"column":0},"end":{"line":44,"column":9}},"44":{"start":{"line":45,"column":0},"end":{"line":45,"column":0}},"45":{"start":{"line":46,"column":0},"end":{"line":46,"column":18}},"46":{"start":{"line":47,"column":0},"end":{"line":47,"column":12}},"47":{"start":{"line":48,"column":0},"end":{"line":48,"column":5}},"48":{"start":{"line":49,"column":0},"end":{"line":49,"column":0}},"49":{"start":{"line":50,"column":0},"end":{"line":50,"column":22}},"50":{"start":{"line":51,"column":0},"end":{"line":51,"column":21}},"51":{"start":{"line":52,"column":0},"end":{"line":52,"column":2}},"52":{"start":{"line":53,"column":0},"end":{"line":53,"column":0}},"53":{"start":{"line":54,"column":0},"end":{"line":54,"column":23}}},"s":{"0":1,"1":1,"2":1,"3":1,"4":1,"5":1,"6":1,"7":1,"8":1,"9":1,"10":1,"11":1,"12":1,"13":1,"14":1,"15":1,"16":1,"17":1,"18":1,"19":0,"20":0,"21":0,"22":0,"23":0,"24":0,"25":1,"26":1,"27":1,"28":1,"29":1,"30":1,"31":3,"32":3,"33":3,"34":3,"35":3,"36":3,"37":3,"38":3,"39":3,"40":3,"41":3,"42":3,"43":3,"44":3,"45":3,"46":3,"47":3,"48":1,"49":1,"50":1,"51":1,"52":1,"53":1},"branchMap":{"0":{"type":"branch","line":12,"loc":{"start":{"line":12,"column":30},"end":{"line":52,"column":2}},"locations":[{"start":{"line":12,"column":30},"end":{"line":52,"column":2}}]},"1":{"type":"branch","line":19,"loc":{"start":{"line":19,"column":42},"end":{"line":25,"column":5}},"locations":[{"start":{"line":19,"column":42},"end":{"line":25,"column":5}}]},"2":{"type":"branch","line":31,"loc":{"start":{"line":31,"column":20},"end":{"line":48,"column":5}},"locations":[{"start":{"line":31,"column":20},"end":{"line":48,"column":5}}]}},"b":{"0":[1],"1":[0],"2":[3]},"fnMap":{"0":{"name":"Object.<anonymous>.Array.tinyForEach","decl":{"start":{"line":12,"column":30},"end":{"line":52,"column":2}},"loc":{"start":{"line":12,"column":30},"end":{"line":52,"column":2}},"line":12}},"f":{"0":1}}
,"D:\\LearningSpace\\Algorithms\\Leetcode-Every-Day\\Theory\\DataStructure\\utils\\utils.js": {"path":"D:\\LearningSpace\\Algorithms\\Leetcode-Every-Day\\Theory\\DataStructure\\utils\\utils.js","all":false,"statementMap":{"0":{"start":{"line":1,"column":0},"end":{"line":1,"column":18}},"1":{"start":{"line":2,"column":0},"end":{"line":2,"column":13}},"2":{"start":{"line":3,"column":0},"end":{"line":3,"column":22}},"3":{"start":{"line":4,"column":0},"end":{"line":4,"column":15}},"4":{"start":{"line":5,"column":0},"end":{"line":5,"column":13}},"5":{"start":{"line":6,"column":0},"end":{"line":6,"column":16}},"6":{"start":{"line":7,"column":0},"end":{"line":7,"column":8}},"7":{"start":{"line":8,"column":0},"end":{"line":8,"column":9}},"8":{"start":{"line":9,"column":0},"end":{"line":9,"column":5}},"9":{"start":{"line":10,"column":0},"end":{"line":10,"column":2}},"10":{"start":{"line":11,"column":0},"end":{"line":11,"column":0}},"11":{"start":{"line":12,"column":0},"end":{"line":12,"column":29}},"12":{"start":{"line":13,"column":0},"end":{"line":13,"column":70}},"13":{"start":{"line":14,"column":0},"end":{"line":14,"column":24}},"14":{"start":{"line":15,"column":0},"end":{"line":15,"column":67}},"15":{"start":{"line":16,"column":0},"end":{"line":16,"column":10}},"16":{"start":{"line":17,"column":0},"end":{"line":17,"column":28}},"17":{"start":{"line":18,"column":0},"end":{"line":18,"column":0}},"18":{"start":{"line":19,"column":0},"end":{"line":19,"column":28}},"19":{"start":{"line":20,"column":0},"end":{"line":20,"column":1}},"20":{"start":{"line":21,"column":0},"end":{"line":21,"column":0}},"21":{"start":{"line":22,"column":0},"end":{"line":22,"column":33}},"22":{"start":{"line":23,"column":0},"end":{"line":23,"column":38}},"23":{"start":{"line":24,"column":0},"end":{"line":24,"column":0}},"24":{"start":{"line":25,"column":0},"end":{"line":25,"column":46}},"25":{"start":{"line":26,"column":0},"end":{"line":26,"column":62}},"26":{"start":{"line":27,"column":0},"end":{"line":27,"column":18}},"27":{"start":{"line":28,"column":0},"end":{"line":28,"column":0}},"28":{"start":{"line":29,"column":0},"end":{"line":29,"column":30}},"29":{"start":{"line":30,"column":0},"end":{"line":30,"column":1}},"30":{"start":{"line":31,"column":0},"end":{"line":31,"column":0}},"31":{"start":{"line":32,"column":0},"end":{"line":32,"column":31}},"32":{"start":{"line":33,"column":0},"end":{"line":33,"column":35}},"33":{"start":{"line":34,"column":0},"end":{"line":34,"column":76}},"34":{"start":{"line":35,"column":0},"end":{"line":35,"column":21}},"35":{"start":{"line":36,"column":0},"end":{"line":36,"column":5}},"36":{"start":{"line":37,"column":0},"end":{"line":37,"column":0}},"37":{"start":{"line":38,"column":0},"end":{"line":38,"column":45}},"38":{"start":{"line":39,"column":0},"end":{"line":39,"column":8}},"39":{"start":{"line":40,"column":0},"end":{"line":40,"column":49}},"40":{"start":{"line":41,"column":0},"end":{"line":41,"column":52}},"41":{"start":{"line":42,"column":0},"end":{"line":42,"column":7}},"42":{"start":{"line":43,"column":0},"end":{"line":43,"column":20}},"43":{"start":{"line":44,"column":0},"end":{"line":44,"column":5}},"44":{"start":{"line":45,"column":0},"end":{"line":45,"column":0}},"45":{"start":{"line":46,"column":0},"end":{"line":46,"column":17}},"46":{"start":{"line":47,"column":0},"end":{"line":47,"column":17}},"47":{"start":{"line":48,"column":0},"end":{"line":48,"column":1}},"48":{"start":{"line":49,"column":0},"end":{"line":49,"column":0}},"49":{"start":{"line":50,"column":0},"end":{"line":50,"column":29}},"50":{"start":{"line":51,"column":0},"end":{"line":51,"column":39}},"51":{"start":{"line":52,"column":0},"end":{"line":52,"column":24}},"52":{"start":{"line":53,"column":0},"end":{"line":53,"column":5}},"53":{"start":{"line":54,"column":0},"end":{"line":54,"column":0}},"54":{"start":{"line":55,"column":0},"end":{"line":55,"column":39}},"55":{"start":{"line":56,"column":0},"end":{"line":56,"column":67}},"56":{"start":{"line":57,"column":0},"end":{"line":57,"column":5}},"57":{"start":{"line":58,"column":0},"end":{"line":58,"column":0}},"58":{"start":{"line":59,"column":0},"end":{"line":59,"column":23}},"59":{"start":{"line":60,"column":0},"end":{"line":60,"column":23}},"60":{"start":{"line":61,"column":0},"end":{"line":61,"column":31}},"61":{"start":{"line":62,"column":0},"end":{"line":62,"column":18}},"62":{"start":{"line":63,"column":0},"end":{"line":63,"column":26}},"63":{"start":{"line":64,"column":0},"end":{"line":64,"column":18}},"64":{"start":{"line":65,"column":0},"end":{"line":65,"column":26}},"65":{"start":{"line":66,"column":0},"end":{"line":66,"column":19}},"66":{"start":{"line":67,"column":0},"end":{"line":67,"column":27}},"67":{"start":{"line":68,"column":0},"end":{"line":68,"column":5}},"68":{"start":{"line":69,"column":0},"end":{"line":69,"column":0}},"69":{"start":{"line":70,"column":0},"end":{"line":70,"column":39}},"70":{"start":{"line":71,"column":0},"end":{"line":71,"column":60}},"71":{"start":{"line":72,"column":0},"end":{"line":72,"column":5}},"72":{"start":{"line":73,"column":0},"end":{"line":73,"column":0}},"73":{"start":{"line":74,"column":0},"end":{"line":74,"column":39}},"74":{"start":{"line":75,"column":0},"end":{"line":75,"column":60}},"75":{"start":{"line":76,"column":0},"end":{"line":76,"column":5}},"76":{"start":{"line":77,"column":0},"end":{"line":77,"column":0}},"77":{"start":{"line":78,"column":0},"end":{"line":78,"column":48}},"78":{"start":{"line":79,"column":0},"end":{"line":79,"column":58}},"79":{"start":{"line":80,"column":0},"end":{"line":80,"column":44}},"80":{"start":{"line":81,"column":0},"end":{"line":81,"column":66}},"81":{"start":{"line":82,"column":0},"end":{"line":82,"column":50}},"82":{"start":{"line":83,"column":0},"end":{"line":83,"column":72}},"83":{"start":{"line":84,"column":0},"end":{"line":84,"column":40}},"84":{"start":{"line":85,"column":0},"end":{"line":85,"column":66}},"85":{"start":{"line":86,"column":0},"end":{"line":86,"column":22}},"86":{"start":{"line":87,"column":0},"end":{"line":87,"column":17}},"87":{"start":{"line":88,"column":0},"end":{"line":88,"column":32}},"88":{"start":{"line":89,"column":0},"end":{"line":89,"column":13}},"89":{"start":{"line":90,"column":0},"end":{"line":90,"column":27}},"90":{"start":{"line":91,"column":0},"end":{"line":91,"column":9}},"91":{"start":{"line":92,"column":0},"end":{"line":92,"column":0}},"92":{"start":{"line":93,"column":0},"end":{"line":93,"column":41}},"93":{"start":{"line":94,"column":0},"end":{"line":94,"column":26}},"94":{"start":{"line":95,"column":0},"end":{"line":95,"column":9}},"95":{"start":{"line":96,"column":0},"end":{"line":96,"column":0}},"96":{"start":{"line":97,"column":0},"end":{"line":97,"column":26}},"97":{"start":{"line":98,"column":0},"end":{"line":98,"column":5}},"98":{"start":{"line":99,"column":0},"end":{"line":99,"column":0}},"99":{"start":{"line":100,"column":0},"end":{"line":100,"column":39}},"100":{"start":{"line":101,"column":0},"end":{"line":101,"column":58}},"101":{"start":{"line":102,"column":0},"end":{"line":102,"column":35}},"102":{"start":{"line":103,"column":0},"end":{"line":103,"column":5}},"103":{"start":{"line":104,"column":0},"end":{"line":104,"column":0}},"104":{"start":{"line":105,"column":0},"end":{"line":105,"column":63}},"105":{"start":{"line":106,"column":0},"end":{"line":106,"column":1}},"106":{"start":{"line":107,"column":0},"end":{"line":107,"column":0}},"107":{"start":{"line":108,"column":0},"end":{"line":108,"column":28}},"108":{"start":{"line":109,"column":0},"end":{"line":109,"column":62}},"109":{"start":{"line":110,"column":0},"end":{"line":110,"column":1}},"110":{"start":{"line":111,"column":0},"end":{"line":111,"column":0}},"111":{"start":{"line":112,"column":0},"end":{"line":112,"column":20}},"112":{"start":{"line":113,"column":0},"end":{"line":113,"column":16}},"113":{"start":{"line":114,"column":0},"end":{"line":114,"column":1}},"114":{"start":{"line":115,"column":0},"end":{"line":115,"column":0}},"115":{"start":{"line":116,"column":0},"end":{"line":116,"column":36}},"116":{"start":{"line":117,"column":0},"end":{"line":117,"column":46}},"117":{"start":{"line":118,"column":0},"end":{"line":118,"column":27}},"118":{"start":{"line":119,"column":0},"end":{"line":119,"column":5}},"119":{"start":{"line":120,"column":0},"end":{"line":120,"column":0}},"120":{"start":{"line":121,"column":0},"end":{"line":121,"column":34}},"121":{"start":{"line":122,"column":0},"end":{"line":122,"column":45}},"122":{"start":{"line":123,"column":0},"end":{"line":123,"column":5}},"123":{"start":{"line":124,"column":0},"end":{"line":124,"column":0}},"124":{"start":{"line":125,"column":0},"end":{"line":125,"column":39}},"125":{"start":{"line":126,"column":0},"end":{"line":126,"column":1}},"126":{"start":{"line":127,"column":0},"end":{"line":127,"column":0}},"127":{"start":{"line":128,"column":0},"end":{"line":128,"column":15}},"128":{"start":{"line":129,"column":0},"end":{"line":129,"column":35}},"129":{"start":{"line":130,"column":0},"end":{"line":130,"column":33}},"130":{"start":{"line":131,"column":0},"end":{"line":131,"column":1}}},"s":{"0":1,"1":1,"2":1,"3":1,"4":1,"5":1,"6":1,"7":1,"8":1,"9":1,"10":1,"11":1,"12":1,"13":0,"14":0,"15":0,"16":1,"17":1,"18":1,"19":1,"20":1,"21":1,"22":1,"23":1,"24":1,"25":0,"26":1,"27":1,"28":1,"29":1,"30":1,"31":4,"32":4,"33":4,"34":0,"35":0,"36":4,"37":4,"38":4,"39":4,"40":0,"41":4,"42":4,"43":4,"44":0,"45":0,"46":0,"47":0,"48":1,"49":3,"50":3,"51":0,"52":0,"53":3,"54":3,"55":0,"56":0,"57":3,"58":3,"59":3,"60":0,"61":3,"62":0,"63":3,"64":0,"65":3,"66":0,"67":3,"68":3,"69":3,"70":3,"71":3,"72":0,"73":0,"74":0,"75":0,"76":0,"77":0,"78":0,"79":0,"80":0,"81":0,"82":0,"83":0,"84":0,"85":0,"86":0,"87":0,"88":0,"89":0,"90":0,"91":0,"92":0,"93":0,"94":0,"95":0,"96":0,"97":0,"98":0,"99":0,"100":0,"101":0,"102":0,"103":0,"104":0,"105":0,"106":1,"107":3,"108":3,"109":3,"110":1,"111":3,"112":3,"113":3,"114":1,"115":3,"116":3,"117":0,"118":0,"119":3,"120":3,"121":0,"122":0,"123":3,"124":3,"125":3,"126":1,"127":3,"128":3,"129":3,"130":3},"branchMap":{"0":{"type":"branch","line":12,"loc":{"start":{"line":12,"column":0},"end":{"line":20,"column":1}},"locations":[{"start":{"line":12,"column":0},"end":{"line":20,"column":1}}]},"1":{"type":"branch","line":13,"loc":{"start":{"line":13,"column":69},"end":{"line":17,"column":5}},"locations":[{"start":{"line":13,"column":69},"end":{"line":17,"column":5}}]},"2":{"type":"branch","line":22,"loc":{"start":{"line":22,"column":0},"end":{"line":30,"column":1}},"locations":[{"start":{"line":22,"column":0},"end":{"line":30,"column":1}}]},"3":{"type":"branch","line":25,"loc":{"start":{"line":25,"column":45},"end":{"line":27,"column":5}},"locations":[{"start":{"line":25,"column":45},"end":{"line":27,"column":5}}]},"4":{"type":"branch","line":32,"loc":{"start":{"line":32,"column":0},"end":{"line":48,"column":1}},"locations":[{"start":{"line":32,"column":0},"end":{"line":48,"column":1}}]},"5":{"type":"branch","line":34,"loc":{"start":{"line":34,"column":75},"end":{"line":36,"column":5}},"locations":[{"start":{"line":34,"column":75},"end":{"line":36,"column":5}}]},"6":{"type":"branch","line":40,"loc":{"start":{"line":40,"column":46},"end":{"line":41,"column":52}},"locations":[{"start":{"line":40,"column":46},"end":{"line":41,"column":52}}]},"7":{"type":"branch","line":44,"loc":{"start":{"line":44,"column":4},"end":{"line":48,"column":1}},"locations":[{"start":{"line":44,"column":4},"end":{"line":48,"column":1}}]},"8":{"type":"branch","line":50,"loc":{"start":{"line":50,"column":0},"end":{"line":106,"column":1}},"locations":[{"start":{"line":50,"column":0},"end":{"line":106,"column":1}}]},"9":{"type":"branch","line":51,"loc":{"start":{"line":51,"column":38},"end":{"line":53,"column":5}},"locations":[{"start":{"line":51,"column":38},"end":{"line":53,"column":5}}]},"10":{"type":"branch","line":55,"loc":{"start":{"line":55,"column":38},"end":{"line":57,"column":5}},"locations":[{"start":{"line":55,"column":38},"end":{"line":57,"column":5}}]},"11":{"type":"branch","line":60,"loc":{"start":{"line":60,"column":8},"end":{"line":61,"column":31}},"locations":[{"start":{"line":60,"column":8},"end":{"line":61,"column":31}}]},"12":{"type":"branch","line":62,"loc":{"start":{"line":62,"column":8},"end":{"line":63,"column":26}},"locations":[{"start":{"line":62,"column":8},"end":{"line":63,"column":26}}]},"13":{"type":"branch","line":64,"loc":{"start":{"line":64,"column":8},"end":{"line":65,"column":26}},"locations":[{"start":{"line":64,"column":8},"end":{"line":65,"column":26}}]},"14":{"type":"branch","line":66,"loc":{"start":{"line":66,"column":8},"end":{"line":67,"column":27}},"locations":[{"start":{"line":66,"column":8},"end":{"line":67,"column":27}}]},"15":{"type":"branch","line":72,"loc":{"start":{"line":72,"column":4},"end":{"line":106,"column":1}},"locations":[{"start":{"line":72,"column":4},"end":{"line":106,"column":1}}]},"16":{"type":"branch","line":108,"loc":{"start":{"line":108,"column":0},"end":{"line":110,"column":1}},"locations":[{"start":{"line":108,"column":0},"end":{"line":110,"column":1}}]},"17":{"type":"branch","line":109,"loc":{"start":{"line":109,"column":52},"end":{"line":109,"column":61}},"locations":[{"start":{"line":109,"column":52},"end":{"line":109,"column":61}}]},"18":{"type":"branch","line":112,"loc":{"start":{"line":112,"column":0},"end":{"line":114,"column":1}},"locations":[{"start":{"line":112,"column":0},"end":{"line":114,"column":1}}]},"19":{"type":"branch","line":116,"loc":{"start":{"line":116,"column":0},"end":{"line":126,"column":1}},"locations":[{"start":{"line":116,"column":0},"end":{"line":126,"column":1}}]},"20":{"type":"branch","line":117,"loc":{"start":{"line":117,"column":45},"end":{"line":119,"column":5}},"locations":[{"start":{"line":117,"column":45},"end":{"line":119,"column":5}}]},"21":{"type":"branch","line":121,"loc":{"start":{"line":121,"column":33},"end":{"line":123,"column":5}},"locations":[{"start":{"line":121,"column":33},"end":{"line":123,"column":5}}]},"22":{"type":"branch","line":128,"loc":{"start":{"line":128,"column":0},"end":{"line":131,"column":1}},"locations":[{"start":{"line":128,"column":0},"end":{"line":131,"column":1}}]}},"b":{"0":[1],"1":[0],"2":[1],"3":[0],"4":[4],"5":[0],"6":[0],"7":[0],"8":[3],"9":[0],"10":[0],"11":[0],"12":[0],"13":[0],"14":[0],"15":[0],"16":[3],"17":[0],"18":[3],"19":[3],"20":[0],"21":[0],"22":[3]},"fnMap":{"0":{"name":"ToObject","decl":{"start":{"line":12,"column":0},"end":{"line":20,"column":1}},"loc":{"start":{"line":12,"column":0},"end":{"line":20,"column":1}},"line":12},"1":{"name":"LengthOfArrayLike","decl":{"start":{"line":22,"column":0},"end":{"line":30,"column":1}},"loc":{"start":{"line":22,"column":0},"end":{"line":30,"column":1}},"line":22},"2":{"name":"IsCallable","decl":{"start":{"line":32,"column":0},"end":{"line":48,"column":1}},"loc":{"start":{"line":32,"column":0},"end":{"line":48,"column":1}},"line":32},"3":{"name":"ToString","decl":{"start":{"line":50,"column":0},"end":{"line":106,"column":1}},"loc":{"start":{"line":50,"column":0},"end":{"line":106,"column":1}},"line":50},"4":{"name":"ToPrimitive","decl":{"start":{"line":78,"column":4},"end":{"line":98,"column":5}},"loc":{"start":{"line":78,"column":4},"end":{"line":98,"column":5}},"line":78},"5":{"name":"HasProperty","decl":{"start":{"line":108,"column":0},"end":{"line":110,"column":1}},"loc":{"start":{"line":108,"column":0},"end":{"line":110,"column":1}},"line":108},"6":{"name":"Get","decl":{"start":{"line":112,"column":0},"end":{"line":114,"column":1}},"loc":{"start":{"line":112,"column":0},"end":{"line":114,"column":1}},"line":112},"7":{"name":"Call","decl":{"start":{"line":116,"column":0},"end":{"line":126,"column":1}},"loc":{"start":{"line":116,"column":0},"end":{"line":126,"column":1}},"line":116},"8":{"name":"F","decl":{"start":{"line":128,"column":0},"end":{"line":131,"column":1}},"loc":{"start":{"line":128,"column":0},"end":{"line":131,"column":1}},"line":128}},"f":{"0":1,"1":1,"2":4,"3":3,"4":0,"5":3,"6":3,"7":3,"8":3}}
}
