{"D:\\LearningSpace\\Algorithms\\Leetcode-Every-Day\\Theory\\DataStructure\\Array\\Array.js": {"path":"D:\\LearningSpace\\Algorithms\\Leetcode-Every-Day\\Theory\\DataStructure\\Array\\Array.js","all":false,"statementMap":{"0":{"start":{"line":1,"column":0},"end":{"line":1,"column":8}},"1":{"start":{"line":2,"column":0},"end":{"line":2,"column":13}},"2":{"start":{"line":3,"column":0},"end":{"line":3,"column":13}},"3":{"start":{"line":4,"column":0},"end":{"line":4,"column":21}},"4":{"start":{"line":5,"column":0},"end":{"line":5,"column":61}},"5":{"start":{"line":6,"column":0},"end":{"line":6,"column":97}},"6":{"start":{"line":7,"column":0},"end":{"line":7,"column":8}},"7":{"start":{"line":8,"column":0},"end":{"line":8,"column":9}},"8":{"start":{"line":9,"column":0},"end":{"line":9,"column":15}},"9":{"start":{"line":10,"column":0},"end":{"line":10,"column":72}},"10":{"start":{"line":11,"column":0},"end":{"line":11,"column":0}},"11":{"start":{"line":12,"column":0},"end":{"line":12,"column":3}},"12":{"start":{"line":13,"column":0},"end":{"line":13,"column":50}},"13":{"start":{"line":14,"column":0},"end":{"line":14,"column":2}},"14":{"start":{"line":15,"column":0},"end":{"line":15,"column":9}},"15":{"start":{"line":16,"column":0},"end":{"line":16,"column":2}},"16":{"start":{"line":17,"column":0},"end":{"line":17,"column":38}},"17":{"start":{"line":18,"column":0},"end":{"line":18,"column":40}},"18":{"start":{"line":19,"column":0},"end":{"line":19,"column":70}},"19":{"start":{"line":20,"column":0},"end":{"line":20,"column":17}},"20":{"start":{"line":21,"column":0},"end":{"line":21,"column":28}},"21":{"start":{"line":22,"column":0},"end":{"line":22,"column":38}},"22":{"start":{"line":23,"column":0},"end":{"line":23,"column":47}},"23":{"start":{"line":24,"column":0},"end":{"line":24,"column":35}},"24":{"start":{"line":25,"column":0},"end":{"line":25,"column":41}},"25":{"start":{"line":26,"column":0},"end":{"line":26,"column":73}},"26":{"start":{"line":27,"column":0},"end":{"line":27,"column":25}},"27":{"start":{"line":28,"column":0},"end":{"line":28,"column":23}},"28":{"start":{"line":29,"column":0},"end":{"line":29,"column":2}},"29":{"start":{"line":30,"column":0},"end":{"line":30,"column":55}},"30":{"start":{"line":31,"column":0},"end":{"line":31,"column":3}},"31":{"start":{"line":32,"column":0},"end":{"line":32,"column":62}},"32":{"start":{"line":33,"column":0},"end":{"line":33,"column":29}},"33":{"start":{"line":34,"column":0},"end":{"line":34,"column":37}},"34":{"start":{"line":35,"column":0},"end":{"line":35,"column":0}},"35":{"start":{"line":36,"column":0},"end":{"line":36,"column":43}},"36":{"start":{"line":37,"column":0},"end":{"line":37,"column":28}},"37":{"start":{"line":38,"column":0},"end":{"line":38,"column":36}},"38":{"start":{"line":39,"column":0},"end":{"line":39,"column":66}},"39":{"start":{"line":40,"column":0},"end":{"line":40,"column":32}},"40":{"start":{"line":41,"column":0},"end":{"line":41,"column":10}},"41":{"start":{"line":42,"column":0},"end":{"line":42,"column":5}},"42":{"start":{"line":43,"column":0},"end":{"line":43,"column":0}},"43":{"start":{"line":44,"column":0},"end":{"line":44,"column":14}},"44":{"start":{"line":45,"column":0},"end":{"line":45,"column":0}},"45":{"start":{"line":46,"column":0},"end":{"line":46,"column":21}},"46":{"start":{"line":47,"column":0},"end":{"line":47,"column":31}},"47":{"start":{"line":48,"column":0},"end":{"line":48,"column":44}},"48":{"start":{"line":49,"column":0},"end":{"line":49,"column":0}},"49":{"start":{"line":50,"column":0},"end":{"line":50,"column":32}},"50":{"start":{"line":51,"column":0},"end":{"line":51,"column":38}},"51":{"start":{"line":52,"column":0},"end":{"line":52,"column":0}},"52":{"start":{"line":53,"column":0},"end":{"line":53,"column":57}},"53":{"start":{"line":54,"column":0},"end":{"line":54,"column":9}},"54":{"start":{"line":55,"column":0},"end":{"line":55,"column":0}},"55":{"start":{"line":56,"column":0},"end":{"line":56,"column":12}},"56":{"start":{"line":57,"column":0},"end":{"line":57,"column":5}},"57":{"start":{"line":58,"column":0},"end":{"line":58,"column":0}},"58":{"start":{"line":59,"column":0},"end":{"line":59,"column":21}},"59":{"start":{"line":60,"column":0},"end":{"line":60,"column":2}}},"s":{"0":1,"1":1,"2":1,"3":1,"4":1,"5":1,"6":1,"7":1,"8":1,"9":1,"10":1,"11":1,"12":1,"13":1,"14":1,"15":1,"16":1,"17":1,"18":1,"19":1,"20":1,"21":1,"22":1,"23":1,"24":1,"25":1,"26":1,"27":1,"28":1,"29":1,"30":1,"31":1,"32":1,"33":1,"34":1,"35":1,"36":1,"37":1,"38":1,"39":1,"40":1,"41":1,"42":0,"43":0,"44":0,"45":0,"46":0,"47":0,"48":0,"49":0,"50":0,"51":0,"52":0,"53":0,"54":0,"55":0,"56":0,"57":0,"58":0,"59":0},"branchMap":{"0":{"type":"branch","line":32,"loc":{"start":{"line":32,"column":30},"end":{"line":60,"column":2}},"locations":[{"start":{"line":32,"column":30},"end":{"line":60,"column":2}}]},"1":{"type":"branch","line":39,"loc":{"start":{"line":39,"column":48},"end":{"line":39,"column":53}},"locations":[{"start":{"line":39,"column":48},"end":{"line":39,"column":53}}]},"2":{"type":"branch","line":42,"loc":{"start":{"line":42,"column":4},"end":{"line":60,"column":2}},"locations":[{"start":{"line":42,"column":4},"end":{"line":60,"column":2}}]}},"b":{"0":[1],"1":[0],"2":[0]},"fnMap":{"0":{"name":"Object.<anonymous>.Array.tinyForEach","decl":{"start":{"line":32,"column":30},"end":{"line":60,"column":2}},"loc":{"start":{"line":32,"column":30},"end":{"line":60,"column":2}},"line":32}},"f":{"0":1}}
,"D:\\LearningSpace\\Algorithms\\Leetcode-Every-Day\\Theory\\DataStructure\\utils\\AbstractOperations\\OperationsOnObjects\\Call.js": {"path":"D:\\LearningSpace\\Algorithms\\Leetcode-Every-Day\\Theory\\DataStructure\\utils\\AbstractOperations\\OperationsOnObjects\\Call.js","all":false,"statementMap":{"0":{"start":{"line":1,"column":0},"end":{"line":1,"column":69}},"1":{"start":{"line":2,"column":0},"end":{"line":2,"column":0}},"2":{"start":{"line":3,"column":0},"end":{"line":3,"column":3}},"3":{"start":{"line":4,"column":0},"end":{"line":4,"column":97}},"4":{"start":{"line":5,"column":0},"end":{"line":5,"column":2}},"5":{"start":{"line":6,"column":0},"end":{"line":6,"column":9}},"6":{"start":{"line":7,"column":0},"end":{"line":7,"column":77}},"7":{"start":{"line":8,"column":0},"end":{"line":8,"column":61}},"8":{"start":{"line":9,"column":0},"end":{"line":9,"column":44}},"9":{"start":{"line":10,"column":0},"end":{"line":10,"column":2}},"10":{"start":{"line":11,"column":0},"end":{"line":11,"column":35}},"11":{"start":{"line":12,"column":0},"end":{"line":12,"column":45}},"12":{"start":{"line":13,"column":0},"end":{"line":13,"column":74}},"13":{"start":{"line":14,"column":0},"end":{"line":14,"column":101}},"14":{"start":{"line":15,"column":0},"end":{"line":15,"column":3}},"15":{"start":{"line":16,"column":0},"end":{"line":16,"column":43}},"16":{"start":{"line":17,"column":0},"end":{"line":17,"column":38}},"17":{"start":{"line":18,"column":0},"end":{"line":18,"column":27}},"18":{"start":{"line":19,"column":0},"end":{"line":19,"column":5}},"19":{"start":{"line":20,"column":0},"end":{"line":20,"column":0}},"20":{"start":{"line":21,"column":0},"end":{"line":21,"column":25}},"21":{"start":{"line":22,"column":0},"end":{"line":22,"column":49}},"22":{"start":{"line":23,"column":0},"end":{"line":23,"column":5}},"23":{"start":{"line":24,"column":0},"end":{"line":24,"column":0}},"24":{"start":{"line":25,"column":0},"end":{"line":25,"column":39}},"25":{"start":{"line":26,"column":0},"end":{"line":26,"column":1}}},"s":{"0":1,"1":1,"2":1,"3":1,"4":1,"5":1,"6":1,"7":1,"8":1,"9":1,"10":1,"11":1,"12":1,"13":1,"14":1,"15":1,"16":0,"17":0,"18":0,"19":0,"20":0,"21":0,"22":0,"23":0,"24":0,"25":0},"branchMap":{},"b":{},"fnMap":{"0":{"name":"Call","decl":{"start":{"line":16,"column":7},"end":{"line":26,"column":1}},"loc":{"start":{"line":16,"column":7},"end":{"line":26,"column":1}},"line":16}},"f":{"0":0}}
,"D:\\LearningSpace\\Algorithms\\Leetcode-Every-Day\\Theory\\DataStructure\\utils\\AbstractOperations\\OperationsOnObjects\\Get.js": {"path":"D:\\LearningSpace\\Algorithms\\Leetcode-Every-Day\\Theory\\DataStructure\\utils\\AbstractOperations\\OperationsOnObjects\\Get.js","all":false,"statementMap":{"0":{"start":{"line":1,"column":0},"end":{"line":1,"column":3}},"1":{"start":{"line":2,"column":0},"end":{"line":2,"column":86}},"2":{"start":{"line":3,"column":0},"end":{"line":3,"column":80}},"3":{"start":{"line":4,"column":0},"end":{"line":4,"column":22}},"4":{"start":{"line":5,"column":0},"end":{"line":5,"column":2}},"5":{"start":{"line":6,"column":0},"end":{"line":6,"column":8}},"6":{"start":{"line":7,"column":0},"end":{"line":7,"column":31}},"7":{"start":{"line":8,"column":0},"end":{"line":8,"column":2}},"8":{"start":{"line":9,"column":0},"end":{"line":9,"column":26}},"9":{"start":{"line":10,"column":0},"end":{"line":10,"column":31}},"10":{"start":{"line":11,"column":0},"end":{"line":11,"column":94}},"11":{"start":{"line":12,"column":0},"end":{"line":12,"column":3}},"12":{"start":{"line":13,"column":0},"end":{"line":13,"column":27}},"13":{"start":{"line":14,"column":0},"end":{"line":14,"column":30}},"14":{"start":{"line":15,"column":0},"end":{"line":15,"column":20}},"15":{"start":{"line":16,"column":0},"end":{"line":16,"column":5}},"16":{"start":{"line":17,"column":0},"end":{"line":17,"column":0}},"17":{"start":{"line":18,"column":0},"end":{"line":18,"column":75}},"18":{"start":{"line":19,"column":0},"end":{"line":19,"column":1}}},"s":{"0":1,"1":1,"2":1,"3":1,"4":1,"5":1,"6":1,"7":1,"8":1,"9":1,"10":1,"11":1,"12":1,"13":1,"14":1,"15":1,"16":0,"17":0,"18":0},"branchMap":{"0":{"type":"branch","line":13,"loc":{"start":{"line":13,"column":7},"end":{"line":19,"column":1}},"locations":[{"start":{"line":13,"column":7},"end":{"line":19,"column":1}}]},"1":{"type":"branch","line":16,"loc":{"start":{"line":16,"column":4},"end":{"line":19,"column":1}},"locations":[{"start":{"line":16,"column":4},"end":{"line":19,"column":1}}]}},"b":{"0":[1],"1":[0]},"fnMap":{"0":{"name":"Get","decl":{"start":{"line":13,"column":7},"end":{"line":19,"column":1}},"loc":{"start":{"line":13,"column":7},"end":{"line":19,"column":1}},"line":13}},"f":{"0":1}}
,"D:\\LearningSpace\\Algorithms\\Leetcode-Every-Day\\Theory\\DataStructure\\utils\\AbstractOperations\\OperationsOnObjects\\GetMethod.js": {"path":"D:\\LearningSpace\\Algorithms\\Leetcode-Every-Day\\Theory\\DataStructure\\utils\\AbstractOperations\\OperationsOnObjects\\GetMethod.js","all":false,"statementMap":{"0":{"start":{"line":1,"column":0},"end":{"line":1,"column":69}},"1":{"start":{"line":2,"column":0},"end":{"line":2,"column":31}},"2":{"start":{"line":3,"column":0},"end":{"line":3,"column":0}},"3":{"start":{"line":4,"column":0},"end":{"line":4,"column":3}},"4":{"start":{"line":5,"column":0},"end":{"line":5,"column":86}},"5":{"start":{"line":6,"column":0},"end":{"line":6,"column":88}},"6":{"start":{"line":7,"column":0},"end":{"line":7,"column":2}},"7":{"start":{"line":8,"column":0},"end":{"line":8,"column":9}},"8":{"start":{"line":9,"column":0},"end":{"line":9,"column":31}},"9":{"start":{"line":10,"column":0},"end":{"line":10,"column":60}},"10":{"start":{"line":11,"column":0},"end":{"line":11,"column":64}},"11":{"start":{"line":12,"column":0},"end":{"line":12,"column":18}},"12":{"start":{"line":13,"column":0},"end":{"line":13,"column":2}},"13":{"start":{"line":14,"column":0},"end":{"line":14,"column":44}},"14":{"start":{"line":15,"column":0},"end":{"line":15,"column":30}},"15":{"start":{"line":16,"column":0},"end":{"line":16,"column":111}},"16":{"start":{"line":17,"column":0},"end":{"line":17,"column":3}},"17":{"start":{"line":18,"column":0},"end":{"line":18,"column":33}},"18":{"start":{"line":19,"column":0},"end":{"line":19,"column":28}},"19":{"start":{"line":20,"column":0},"end":{"line":20,"column":0}},"20":{"start":{"line":21,"column":0},"end":{"line":21,"column":46}},"21":{"start":{"line":22,"column":0},"end":{"line":22,"column":25}},"22":{"start":{"line":23,"column":0},"end":{"line":23,"column":5}},"23":{"start":{"line":24,"column":0},"end":{"line":24,"column":0}},"24":{"start":{"line":25,"column":0},"end":{"line":25,"column":28}},"25":{"start":{"line":26,"column":0},"end":{"line":26,"column":54}},"26":{"start":{"line":27,"column":0},"end":{"line":27,"column":5}},"27":{"start":{"line":28,"column":0},"end":{"line":28,"column":0}},"28":{"start":{"line":29,"column":0},"end":{"line":29,"column":16}},"29":{"start":{"line":30,"column":0},"end":{"line":30,"column":1}}},"s":{"0":1,"1":1,"2":1,"3":1,"4":1,"5":1,"6":1,"7":1,"8":1,"9":1,"10":1,"11":1,"12":1,"13":1,"14":1,"15":1,"16":1,"17":1,"18":0,"19":0,"20":0,"21":0,"22":0,"23":0,"24":0,"25":0,"26":0,"27":0,"28":0,"29":0},"branchMap":{},"b":{},"fnMap":{"0":{"name":"GetMethod","decl":{"start":{"line":18,"column":7},"end":{"line":30,"column":1}},"loc":{"start":{"line":18,"column":7},"end":{"line":30,"column":1}},"line":18}},"f":{"0":0}}
,"D:\\LearningSpace\\Algorithms\\Leetcode-Every-Day\\Theory\\DataStructure\\utils\\AbstractOperations\\OperationsOnObjects\\GetV.js": {"path":"D:\\LearningSpace\\Algorithms\\Leetcode-Every-Day\\Theory\\DataStructure\\utils\\AbstractOperations\\OperationsOnObjects\\GetV.js","all":false,"statementMap":{"0":{"start":{"line":1,"column":0},"end":{"line":1,"column":3}},"1":{"start":{"line":2,"column":0},"end":{"line":2,"column":86}},"2":{"start":{"line":3,"column":0},"end":{"line":3,"column":86}},"3":{"start":{"line":4,"column":0},"end":{"line":4,"column":74}},"4":{"start":{"line":5,"column":0},"end":{"line":5,"column":2}},"5":{"start":{"line":6,"column":0},"end":{"line":6,"column":9}},"6":{"start":{"line":7,"column":0},"end":{"line":7,"column":29}},"7":{"start":{"line":8,"column":0},"end":{"line":8,"column":31}},"8":{"start":{"line":9,"column":0},"end":{"line":9,"column":2}},"9":{"start":{"line":10,"column":0},"end":{"line":10,"column":44}},"10":{"start":{"line":11,"column":0},"end":{"line":11,"column":30}},"11":{"start":{"line":12,"column":0},"end":{"line":12,"column":101}},"12":{"start":{"line":13,"column":0},"end":{"line":13,"column":3}},"13":{"start":{"line":14,"column":0},"end":{"line":14,"column":28}},"14":{"start":{"line":15,"column":0},"end":{"line":15,"column":26}},"15":{"start":{"line":16,"column":0},"end":{"line":16,"column":0}},"16":{"start":{"line":17,"column":0},"end":{"line":17,"column":16}},"17":{"start":{"line":18,"column":0},"end":{"line":18,"column":1}}},"s":{"0":1,"1":1,"2":1,"3":1,"4":1,"5":1,"6":1,"7":1,"8":1,"9":1,"10":1,"11":1,"12":1,"13":1,"14":0,"15":0,"16":0,"17":0},"branchMap":{},"b":{},"fnMap":{"0":{"name":"GetV","decl":{"start":{"line":14,"column":7},"end":{"line":18,"column":1}},"loc":{"start":{"line":14,"column":7},"end":{"line":18,"column":1}},"line":14}},"f":{"0":0}}
,"D:\\LearningSpace\\Algorithms\\Leetcode-Every-Day\\Theory\\DataStructure\\utils\\AbstractOperations\\OperationsOnObjects\\HasProperty.js": {"path":"D:\\LearningSpace\\Algorithms\\Leetcode-Every-Day\\Theory\\DataStructure\\utils\\AbstractOperations\\OperationsOnObjects\\HasProperty.js","all":false,"statementMap":{"0":{"start":{"line":1,"column":0},"end":{"line":1,"column":3}},"1":{"start":{"line":2,"column":0},"end":{"line":2,"column":76}},"2":{"start":{"line":3,"column":0},"end":{"line":3,"column":41}},"3":{"start":{"line":4,"column":0},"end":{"line":4,"column":2}},"4":{"start":{"line":5,"column":0},"end":{"line":5,"column":9}},"5":{"start":{"line":6,"column":0},"end":{"line":6,"column":36}},"6":{"start":{"line":7,"column":0},"end":{"line":7,"column":2}},"7":{"start":{"line":8,"column":0},"end":{"line":8,"column":25}},"8":{"start":{"line":9,"column":0},"end":{"line":9,"column":31}},"9":{"start":{"line":10,"column":0},"end":{"line":10,"column":82}},"10":{"start":{"line":11,"column":0},"end":{"line":11,"column":3}},"11":{"start":{"line":12,"column":0},"end":{"line":12,"column":35}},"12":{"start":{"line":13,"column":0},"end":{"line":13,"column":46}},"13":{"start":{"line":14,"column":0},"end":{"line":14,"column":47}},"14":{"start":{"line":15,"column":0},"end":{"line":15,"column":5}},"15":{"start":{"line":16,"column":0},"end":{"line":16,"column":0}},"16":{"start":{"line":17,"column":0},"end":{"line":17,"column":41}},"17":{"start":{"line":18,"column":0},"end":{"line":18,"column":1}}},"s":{"0":1,"1":1,"2":1,"3":1,"4":1,"5":1,"6":1,"7":1,"8":1,"9":1,"10":1,"11":1,"12":0,"13":0,"14":0,"15":0,"16":0,"17":0},"branchMap":{},"b":{},"fnMap":{"0":{"name":"HasProperty","decl":{"start":{"line":12,"column":7},"end":{"line":18,"column":1}},"loc":{"start":{"line":12,"column":7},"end":{"line":18,"column":1}},"line":12}},"f":{"0":0}}
,"D:\\LearningSpace\\Algorithms\\Leetcode-Every-Day\\Theory\\DataStructure\\utils\\AbstractOperations\\OperationsOnObjects\\index.js": {"path":"D:\\LearningSpace\\Algorithms\\Leetcode-Every-Day\\Theory\\DataStructure\\utils\\AbstractOperations\\OperationsOnObjects\\index.js","all":false,"statementMap":{"0":{"start":{"line":1,"column":0},"end":{"line":1,"column":22}},"1":{"start":{"line":2,"column":0},"end":{"line":2,"column":23}},"2":{"start":{"line":3,"column":0},"end":{"line":3,"column":23}},"3":{"start":{"line":4,"column":0},"end":{"line":4,"column":28}},"4":{"start":{"line":5,"column":0},"end":{"line":5,"column":30}}},"s":{"0":1,"1":0,"2":0,"3":0,"4":0},"branchMap":{"0":{"type":"branch","line":1,"loc":{"start":{"line":1,"column":0},"end":{"line":1,"column":22}},"locations":[{"start":{"line":1,"column":0},"end":{"line":1,"column":22}}]},"1":{"type":"branch","line":1,"loc":{"start":{"line":1,"column":0},"end":{"line":1,"column":22}},"locations":[{"start":{"line":1,"column":0},"end":{"line":1,"column":22}}]},"2":{"type":"branch","line":1,"loc":{"start":{"line":1,"column":0},"end":{"line":1,"column":22}},"locations":[{"start":{"line":1,"column":0},"end":{"line":1,"column":22}}]},"3":{"type":"branch","line":1,"loc":{"start":{"line":1,"column":0},"end":{"line":1,"column":22}},"locations":[{"start":{"line":1,"column":0},"end":{"line":1,"column":22}}]},"4":{"type":"branch","line":1,"loc":{"start":{"line":1,"column":0},"end":{"line":1,"column":22}},"locations":[{"start":{"line":1,"column":0},"end":{"line":1,"column":22}}]},"5":{"type":"branch","line":2,"loc":{"start":{"line":2,"column":0},"end":{"line":2,"column":23}},"locations":[{"start":{"line":2,"column":0},"end":{"line":2,"column":23}}]},"6":{"type":"branch","line":2,"loc":{"start":{"line":2,"column":0},"end":{"line":2,"column":23}},"locations":[{"start":{"line":2,"column":0},"end":{"line":2,"column":23}}]},"7":{"type":"branch","line":2,"loc":{"start":{"line":2,"column":0},"end":{"line":2,"column":23}},"locations":[{"start":{"line":2,"column":0},"end":{"line":2,"column":23}}]},"8":{"type":"branch","line":2,"loc":{"start":{"line":2,"column":0},"end":{"line":2,"column":23}},"locations":[{"start":{"line":2,"column":0},"end":{"line":2,"column":23}}]},"9":{"type":"branch","line":3,"loc":{"start":{"line":3,"column":0},"end":{"line":3,"column":23}},"locations":[{"start":{"line":3,"column":0},"end":{"line":3,"column":23}}]},"10":{"type":"branch","line":3,"loc":{"start":{"line":3,"column":0},"end":{"line":3,"column":23}},"locations":[{"start":{"line":3,"column":0},"end":{"line":3,"column":23}}]},"11":{"type":"branch","line":3,"loc":{"start":{"line":3,"column":0},"end":{"line":3,"column":23}},"locations":[{"start":{"line":3,"column":0},"end":{"line":3,"column":23}}]},"12":{"type":"branch","line":3,"loc":{"start":{"line":3,"column":0},"end":{"line":3,"column":23}},"locations":[{"start":{"line":3,"column":0},"end":{"line":3,"column":23}}]},"13":{"type":"branch","line":4,"loc":{"start":{"line":4,"column":0},"end":{"line":4,"column":28}},"locations":[{"start":{"line":4,"column":0},"end":{"line":4,"column":28}}]},"14":{"type":"branch","line":4,"loc":{"start":{"line":4,"column":0},"end":{"line":4,"column":28}},"locations":[{"start":{"line":4,"column":0},"end":{"line":4,"column":28}}]},"15":{"type":"branch","line":4,"loc":{"start":{"line":4,"column":0},"end":{"line":4,"column":28}},"locations":[{"start":{"line":4,"column":0},"end":{"line":4,"column":28}}]},"16":{"type":"branch","line":4,"loc":{"start":{"line":4,"column":0},"end":{"line":4,"column":28}},"locations":[{"start":{"line":4,"column":0},"end":{"line":4,"column":28}}]},"17":{"type":"branch","line":5,"loc":{"start":{"line":5,"column":0},"end":{"line":5,"column":30}},"locations":[{"start":{"line":5,"column":0},"end":{"line":5,"column":30}}]},"18":{"type":"branch","line":5,"loc":{"start":{"line":5,"column":0},"end":{"line":5,"column":30}},"locations":[{"start":{"line":5,"column":0},"end":{"line":5,"column":30}}]},"19":{"type":"branch","line":5,"loc":{"start":{"line":5,"column":0},"end":{"line":5,"column":30}},"locations":[{"start":{"line":5,"column":0},"end":{"line":5,"column":30}}]},"20":{"type":"branch","line":5,"loc":{"start":{"line":5,"column":0},"end":{"line":5,"column":30}},"locations":[{"start":{"line":5,"column":0},"end":{"line":5,"column":30}}]}},"b":{"0":[1],"1":[0],"2":[0],"3":[0],"4":[1],"5":[1],"6":[0],"7":[0],"8":[0],"9":[1],"10":[0],"11":[0],"12":[0],"13":[1],"14":[0],"15":[0],"16":[0],"17":[1],"18":[0],"19":[0],"20":[0]},"fnMap":{"0":{"name":"get","decl":{"start":{"line":1,"column":0},"end":{"line":1,"column":22}},"loc":{"start":{"line":1,"column":0},"end":{"line":1,"column":22}},"line":1},"1":{"name":"get","decl":{"start":{"line":2,"column":0},"end":{"line":2,"column":23}},"loc":{"start":{"line":2,"column":0},"end":{"line":2,"column":23}},"line":2},"2":{"name":"get","decl":{"start":{"line":3,"column":0},"end":{"line":3,"column":23}},"loc":{"start":{"line":3,"column":0},"end":{"line":3,"column":23}},"line":3},"3":{"name":"get","decl":{"start":{"line":4,"column":0},"end":{"line":4,"column":28}},"loc":{"start":{"line":4,"column":0},"end":{"line":4,"column":28}},"line":4},"4":{"name":"get","decl":{"start":{"line":5,"column":0},"end":{"line":5,"column":30}},"loc":{"start":{"line":5,"column":0},"end":{"line":5,"column":30}},"line":5}},"f":{"0":1,"1":0,"2":0,"3":0,"4":0}}
,"D:\\LearningSpace\\Algorithms\\Leetcode-Every-Day\\Theory\\DataStructure\\utils\\AbstractOperations\\TestingAndComparsionOperations\\IsCallable.js": {"path":"D:\\LearningSpace\\Algorithms\\Leetcode-Every-Day\\Theory\\DataStructure\\utils\\AbstractOperations\\TestingAndComparsionOperations\\IsCallable.js","all":false,"statementMap":{"0":{"start":{"line":1,"column":0},"end":{"line":1,"column":3}},"1":{"start":{"line":2,"column":0},"end":{"line":2,"column":88}},"2":{"start":{"line":3,"column":0},"end":{"line":3,"column":44}},"3":{"start":{"line":4,"column":0},"end":{"line":4,"column":2}},"4":{"start":{"line":5,"column":0},"end":{"line":5,"column":9}},"5":{"start":{"line":6,"column":0},"end":{"line":6,"column":49}},"6":{"start":{"line":7,"column":0},"end":{"line":7,"column":62}},"7":{"start":{"line":8,"column":0},"end":{"line":8,"column":19}},"8":{"start":{"line":9,"column":0},"end":{"line":9,"column":2}},"9":{"start":{"line":10,"column":0},"end":{"line":10,"column":51}},"10":{"start":{"line":11,"column":0},"end":{"line":11,"column":11}},"11":{"start":{"line":12,"column":0},"end":{"line":12,"column":49}},"12":{"start":{"line":13,"column":0},"end":{"line":13,"column":62}},"13":{"start":{"line":14,"column":0},"end":{"line":14,"column":30}},"14":{"start":{"line":15,"column":0},"end":{"line":15,"column":3}},"15":{"start":{"line":16,"column":0},"end":{"line":16,"column":38}},"16":{"start":{"line":17,"column":0},"end":{"line":17,"column":39}},"17":{"start":{"line":18,"column":0},"end":{"line":18,"column":21}},"18":{"start":{"line":19,"column":0},"end":{"line":19,"column":5}},"19":{"start":{"line":20,"column":0},"end":{"line":20,"column":0}},"20":{"start":{"line":21,"column":0},"end":{"line":21,"column":47}},"21":{"start":{"line":22,"column":0},"end":{"line":22,"column":20}},"22":{"start":{"line":23,"column":0},"end":{"line":23,"column":5}},"23":{"start":{"line":24,"column":0},"end":{"line":24,"column":0}},"24":{"start":{"line":25,"column":0},"end":{"line":25,"column":17}},"25":{"start":{"line":26,"column":0},"end":{"line":26,"column":1}}},"s":{"0":1,"1":1,"2":1,"3":1,"4":1,"5":1,"6":1,"7":1,"8":1,"9":1,"10":1,"11":1,"12":1,"13":1,"14":1,"15":1,"16":1,"17":1,"18":1,"19":0,"20":1,"21":0,"22":0,"23":0,"24":0,"25":0},"branchMap":{"0":{"type":"branch","line":16,"loc":{"start":{"line":16,"column":7},"end":{"line":26,"column":1}},"locations":[{"start":{"line":16,"column":7},"end":{"line":26,"column":1}}]},"1":{"type":"branch","line":19,"loc":{"start":{"line":19,"column":4},"end":{"line":21,"column":29}},"locations":[{"start":{"line":19,"column":4},"end":{"line":21,"column":29}}]},"2":{"type":"branch","line":21,"loc":{"start":{"line":21,"column":46},"end":{"line":26,"column":1}},"locations":[{"start":{"line":21,"column":46},"end":{"line":26,"column":1}}]}},"b":{"0":[1],"1":[0],"2":[0]},"fnMap":{"0":{"name":"IsCallable","decl":{"start":{"line":16,"column":7},"end":{"line":26,"column":1}},"loc":{"start":{"line":16,"column":7},"end":{"line":26,"column":1}},"line":16}},"f":{"0":1}}
,"D:\\LearningSpace\\Algorithms\\Leetcode-Every-Day\\Theory\\DataStructure\\utils\\AbstractOperations\\TestingAndComparsionOperations\\index.js": {"path":"D:\\LearningSpace\\Algorithms\\Leetcode-Every-Day\\Theory\\DataStructure\\utils\\AbstractOperations\\TestingAndComparsionOperations\\index.js","all":false,"statementMap":{"0":{"start":{"line":1,"column":0},"end":{"line":1,"column":29}}},"s":{"0":1},"branchMap":{"0":{"type":"branch","line":1,"loc":{"start":{"line":1,"column":0},"end":{"line":1,"column":29}},"locations":[{"start":{"line":1,"column":0},"end":{"line":1,"column":29}}]},"1":{"type":"branch","line":1,"loc":{"start":{"line":1,"column":0},"end":{"line":1,"column":29}},"locations":[{"start":{"line":1,"column":0},"end":{"line":1,"column":29}}]},"2":{"type":"branch","line":1,"loc":{"start":{"line":1,"column":0},"end":{"line":1,"column":29}},"locations":[{"start":{"line":1,"column":0},"end":{"line":1,"column":29}}]},"3":{"type":"branch","line":1,"loc":{"start":{"line":1,"column":0},"end":{"line":1,"column":29}},"locations":[{"start":{"line":1,"column":0},"end":{"line":1,"column":29}}]},"4":{"type":"branch","line":1,"loc":{"start":{"line":1,"column":0},"end":{"line":1,"column":29}},"locations":[{"start":{"line":1,"column":0},"end":{"line":1,"column":29}}]}},"b":{"0":[1],"1":[0],"2":[0],"3":[0],"4":[1]},"fnMap":{"0":{"name":"get","decl":{"start":{"line":1,"column":0},"end":{"line":1,"column":29}},"loc":{"start":{"line":1,"column":0},"end":{"line":1,"column":29}},"line":1}},"f":{"0":1}}
,"D:\\LearningSpace\\Algorithms\\Leetcode-Every-Day\\Theory\\DataStructure\\utils\\AbstractOperations\\TypeConversion\\LengthOfArrayLike.js": {"path":"D:\\LearningSpace\\Algorithms\\Leetcode-Every-Day\\Theory\\DataStructure\\utils\\AbstractOperations\\TypeConversion\\LengthOfArrayLike.js","all":false,"statementMap":{"0":{"start":{"line":1,"column":0},"end":{"line":1,"column":35}},"1":{"start":{"line":2,"column":0},"end":{"line":2,"column":51}},"2":{"start":{"line":3,"column":0},"end":{"line":3,"column":0}},"3":{"start":{"line":4,"column":0},"end":{"line":4,"column":3}},"4":{"start":{"line":5,"column":0},"end":{"line":5,"column":93}},"5":{"start":{"line":6,"column":0},"end":{"line":6,"column":90}},"6":{"start":{"line":7,"column":0},"end":{"line":7,"column":62}},"7":{"start":{"line":8,"column":0},"end":{"line":8,"column":2}},"8":{"start":{"line":9,"column":0},"end":{"line":9,"column":8}},"9":{"start":{"line":10,"column":0},"end":{"line":10,"column":49}},"10":{"start":{"line":11,"column":0},"end":{"line":11,"column":2}},"11":{"start":{"line":12,"column":0},"end":{"line":12,"column":28}},"12":{"start":{"line":13,"column":0},"end":{"line":13,"column":87}},"13":{"start":{"line":14,"column":0},"end":{"line":14,"column":3}},"14":{"start":{"line":15,"column":0},"end":{"line":15,"column":40}},"15":{"start":{"line":16,"column":0},"end":{"line":16,"column":48}},"16":{"start":{"line":17,"column":0},"end":{"line":17,"column":0}},"17":{"start":{"line":18,"column":0},"end":{"line":18,"column":46}},"18":{"start":{"line":19,"column":0},"end":{"line":19,"column":66}},"19":{"start":{"line":20,"column":0},"end":{"line":20,"column":5}},"20":{"start":{"line":21,"column":0},"end":{"line":21,"column":0}},"21":{"start":{"line":22,"column":0},"end":{"line":22,"column":18}},"22":{"start":{"line":23,"column":0},"end":{"line":23,"column":1}}},"s":{"0":1,"1":1,"2":1,"3":1,"4":1,"5":1,"6":1,"7":1,"8":1,"9":1,"10":1,"11":1,"12":1,"13":1,"14":1,"15":1,"16":1,"17":1,"18":0,"19":0,"20":1,"21":1,"22":1},"branchMap":{"0":{"type":"branch","line":15,"loc":{"start":{"line":15,"column":7},"end":{"line":23,"column":1}},"locations":[{"start":{"line":15,"column":7},"end":{"line":23,"column":1}}]},"1":{"type":"branch","line":18,"loc":{"start":{"line":18,"column":45},"end":{"line":20,"column":5}},"locations":[{"start":{"line":18,"column":45},"end":{"line":20,"column":5}}]}},"b":{"0":[1],"1":[0]},"fnMap":{"0":{"name":"LengthOfArrayLike","decl":{"start":{"line":15,"column":7},"end":{"line":23,"column":1}},"loc":{"start":{"line":15,"column":7},"end":{"line":23,"column":1}},"line":15}},"f":{"0":1}}
,"D:\\LearningSpace\\Algorithms\\Leetcode-Every-Day\\Theory\\DataStructure\\utils\\AbstractOperations\\TypeConversion\\ToIntegerOrInfinity.js": {"path":"D:\\LearningSpace\\Algorithms\\Leetcode-Every-Day\\Theory\\DataStructure\\utils\\AbstractOperations\\TypeConversion\\ToIntegerOrInfinity.js","all":false,"statementMap":{"0":{"start":{"line":1,"column":0},"end":{"line":1,"column":35}},"1":{"start":{"line":2,"column":0},"end":{"line":2,"column":0}},"2":{"start":{"line":3,"column":0},"end":{"line":3,"column":3}},"3":{"start":{"line":4,"column":0},"end":{"line":4,"column":90}},"4":{"start":{"line":5,"column":0},"end":{"line":5,"column":89}},"5":{"start":{"line":6,"column":0},"end":{"line":6,"column":15}},"6":{"start":{"line":7,"column":0},"end":{"line":7,"column":2}},"7":{"start":{"line":8,"column":0},"end":{"line":8,"column":9}},"8":{"start":{"line":9,"column":0},"end":{"line":9,"column":41}},"9":{"start":{"line":10,"column":0},"end":{"line":10,"column":55}},"10":{"start":{"line":11,"column":0},"end":{"line":11,"column":35}},"11":{"start":{"line":12,"column":0},"end":{"line":12,"column":35}},"12":{"start":{"line":13,"column":0},"end":{"line":13,"column":33}},"13":{"start":{"line":14,"column":0},"end":{"line":14,"column":2}},"14":{"start":{"line":15,"column":0},"end":{"line":15,"column":22}},"15":{"start":{"line":16,"column":0},"end":{"line":16,"column":11}},"16":{"start":{"line":17,"column":0},"end":{"line":17,"column":3}},"17":{"start":{"line":18,"column":0},"end":{"line":18,"column":47}},"18":{"start":{"line":19,"column":0},"end":{"line":19,"column":38}},"19":{"start":{"line":20,"column":0},"end":{"line":20,"column":0}},"20":{"start":{"line":21,"column":0},"end":{"line":21,"column":8}},"21":{"start":{"line":22,"column":0},"end":{"line":22,"column":31}},"22":{"start":{"line":23,"column":0},"end":{"line":23,"column":32}},"23":{"start":{"line":24,"column":0},"end":{"line":24,"column":29}},"24":{"start":{"line":25,"column":0},"end":{"line":25,"column":7}},"25":{"start":{"line":26,"column":0},"end":{"line":26,"column":17}},"26":{"start":{"line":27,"column":0},"end":{"line":27,"column":37}},"27":{"start":{"line":28,"column":0},"end":{"line":28,"column":24}},"28":{"start":{"line":29,"column":0},"end":{"line":29,"column":38}},"29":{"start":{"line":30,"column":0},"end":{"line":30,"column":25}},"30":{"start":{"line":31,"column":0},"end":{"line":31,"column":5}},"31":{"start":{"line":32,"column":0},"end":{"line":32,"column":0}},"32":{"start":{"line":33,"column":0},"end":{"line":33,"column":30}},"33":{"start":{"line":34,"column":0},"end":{"line":34,"column":1}}},"s":{"0":1,"1":1,"2":1,"3":1,"4":1,"5":1,"6":1,"7":1,"8":1,"9":1,"10":1,"11":1,"12":1,"13":1,"14":1,"15":1,"16":1,"17":1,"18":1,"19":1,"20":1,"21":1,"22":1,"23":1,"24":1,"25":0,"26":1,"27":0,"28":1,"29":0,"30":0,"31":1,"32":1,"33":1},"branchMap":{"0":{"type":"branch","line":18,"loc":{"start":{"line":18,"column":7},"end":{"line":34,"column":1}},"locations":[{"start":{"line":18,"column":7},"end":{"line":34,"column":1}}]},"1":{"type":"branch","line":25,"loc":{"start":{"line":25,"column":6},"end":{"line":27,"column":5}},"locations":[{"start":{"line":25,"column":6},"end":{"line":27,"column":5}}]},"2":{"type":"branch","line":27,"loc":{"start":{"line":27,"column":36},"end":{"line":29,"column":5}},"locations":[{"start":{"line":27,"column":36},"end":{"line":29,"column":5}}]},"3":{"type":"branch","line":29,"loc":{"start":{"line":29,"column":37},"end":{"line":31,"column":5}},"locations":[{"start":{"line":29,"column":37},"end":{"line":31,"column":5}}]}},"b":{"0":[1],"1":[0],"2":[0],"3":[0]},"fnMap":{"0":{"name":"ToIntegerOrInfinity","decl":{"start":{"line":18,"column":7},"end":{"line":34,"column":1}},"loc":{"start":{"line":18,"column":7},"end":{"line":34,"column":1}},"line":18}},"f":{"0":1}}
,"D:\\LearningSpace\\Algorithms\\Leetcode-Every-Day\\Theory\\DataStructure\\utils\\AbstractOperations\\TypeConversion\\ToLength.js": {"path":"D:\\LearningSpace\\Algorithms\\Leetcode-Every-Day\\Theory\\DataStructure\\utils\\AbstractOperations\\TypeConversion\\ToLength.js","all":false,"statementMap":{"0":{"start":{"line":1,"column":0},"end":{"line":1,"column":46}},"1":{"start":{"line":2,"column":0},"end":{"line":2,"column":0}},"2":{"start":{"line":3,"column":0},"end":{"line":3,"column":3}},"3":{"start":{"line":4,"column":0},"end":{"line":4,"column":85}},"4":{"start":{"line":5,"column":0},"end":{"line":5,"column":58}},"5":{"start":{"line":6,"column":0},"end":{"line":6,"column":2}},"6":{"start":{"line":7,"column":0},"end":{"line":7,"column":9}},"7":{"start":{"line":8,"column":0},"end":{"line":8,"column":49}},"8":{"start":{"line":9,"column":0},"end":{"line":9,"column":30}},"9":{"start":{"line":10,"column":0},"end":{"line":10,"column":37}},"10":{"start":{"line":11,"column":0},"end":{"line":11,"column":2}},"11":{"start":{"line":12,"column":0},"end":{"line":12,"column":52}},"12":{"start":{"line":13,"column":0},"end":{"line":13,"column":91}},"13":{"start":{"line":14,"column":0},"end":{"line":14,"column":3}},"14":{"start":{"line":15,"column":0},"end":{"line":15,"column":36}},"15":{"start":{"line":16,"column":0},"end":{"line":16,"column":46}},"16":{"start":{"line":17,"column":0},"end":{"line":17,"column":0}},"17":{"start":{"line":18,"column":0},"end":{"line":18,"column":54}},"18":{"start":{"line":19,"column":0},"end":{"line":19,"column":1}}},"s":{"0":1,"1":1,"2":1,"3":1,"4":1,"5":1,"6":1,"7":1,"8":1,"9":1,"10":1,"11":1,"12":1,"13":1,"14":1,"15":1,"16":1,"17":1,"18":1},"branchMap":{"0":{"type":"branch","line":15,"loc":{"start":{"line":15,"column":7},"end":{"line":19,"column":1}},"locations":[{"start":{"line":15,"column":7},"end":{"line":19,"column":1}}]},"1":{"type":"branch","line":18,"loc":{"start":{"line":18,"column":19},"end":{"line":18,"column":24}},"locations":[{"start":{"line":18,"column":19},"end":{"line":18,"column":24}}]}},"b":{"0":[1],"1":[0]},"fnMap":{"0":{"name":"ToLength","decl":{"start":{"line":15,"column":7},"end":{"line":19,"column":1}},"loc":{"start":{"line":15,"column":7},"end":{"line":19,"column":1}},"line":15}},"f":{"0":1}}
,"D:\\LearningSpace\\Algorithms\\Leetcode-Every-Day\\Theory\\DataStructure\\utils\\AbstractOperations\\TypeConversion\\ToNumber.js": {"path":"D:\\LearningSpace\\Algorithms\\Leetcode-Every-Day\\Theory\\DataStructure\\utils\\AbstractOperations\\TypeConversion\\ToNumber.js","all":false,"statementMap":{"0":{"start":{"line":1,"column":0},"end":{"line":1,"column":3}},"1":{"start":{"line":2,"column":0},"end":{"line":2,"column":79}},"2":{"start":{"line":3,"column":0},"end":{"line":3,"column":2}},"3":{"start":{"line":4,"column":0},"end":{"line":4,"column":9}},"4":{"start":{"line":5,"column":0},"end":{"line":5,"column":47}},"5":{"start":{"line":6,"column":0},"end":{"line":6,"column":78}},"6":{"start":{"line":7,"column":0},"end":{"line":7,"column":43}},"7":{"start":{"line":8,"column":0},"end":{"line":8,"column":55}},"8":{"start":{"line":9,"column":0},"end":{"line":9,"column":38}},"9":{"start":{"line":10,"column":0},"end":{"line":10,"column":63}},"10":{"start":{"line":11,"column":0},"end":{"line":11,"column":36}},"11":{"start":{"line":12,"column":0},"end":{"line":12,"column":55}},"12":{"start":{"line":13,"column":0},"end":{"line":13,"column":41}},"13":{"start":{"line":14,"column":0},"end":{"line":14,"column":36}},"14":{"start":{"line":15,"column":0},"end":{"line":15,"column":2}},"15":{"start":{"line":16,"column":0},"end":{"line":16,"column":52}},"16":{"start":{"line":17,"column":0},"end":{"line":17,"column":81}},"17":{"start":{"line":18,"column":0},"end":{"line":18,"column":3}},"18":{"start":{"line":19,"column":0},"end":{"line":19,"column":36}},"19":{"start":{"line":20,"column":0},"end":{"line":20,"column":28}},"20":{"start":{"line":21,"column":0},"end":{"line":21,"column":18}},"21":{"start":{"line":22,"column":0},"end":{"line":22,"column":5}},"22":{"start":{"line":23,"column":0},"end":{"line":23,"column":0}},"23":{"start":{"line":24,"column":0},"end":{"line":24,"column":39}},"24":{"start":{"line":25,"column":0},"end":{"line":25,"column":58}},"25":{"start":{"line":26,"column":0},"end":{"line":26,"column":0}},"26":{"start":{"line":27,"column":0},"end":{"line":27,"column":44}},"27":{"start":{"line":28,"column":0},"end":{"line":28,"column":39}},"28":{"start":{"line":29,"column":0},"end":{"line":29,"column":16}},"29":{"start":{"line":30,"column":0},"end":{"line":30,"column":80}},"30":{"start":{"line":31,"column":0},"end":{"line":31,"column":9}},"31":{"start":{"line":32,"column":0},"end":{"line":32,"column":5}},"32":{"start":{"line":33,"column":0},"end":{"line":33,"column":0}},"33":{"start":{"line":34,"column":0},"end":{"line":34,"column":26}},"34":{"start":{"line":35,"column":0},"end":{"line":35,"column":29}},"35":{"start":{"line":36,"column":0},"end":{"line":36,"column":23}},"36":{"start":{"line":37,"column":0},"end":{"line":37,"column":71}},"37":{"start":{"line":38,"column":0},"end":{"line":38,"column":10}},"38":{"start":{"line":39,"column":0},"end":{"line":39,"column":23}},"39":{"start":{"line":40,"column":0},"end":{"line":40,"column":71}},"40":{"start":{"line":41,"column":0},"end":{"line":41,"column":10}},"41":{"start":{"line":42,"column":0},"end":{"line":42,"column":29}},"42":{"start":{"line":43,"column":0},"end":{"line":43,"column":27}},"43":{"start":{"line":44,"column":0},"end":{"line":44,"column":32}},"44":{"start":{"line":45,"column":0},"end":{"line":45,"column":10}},"45":{"start":{"line":46,"column":0},"end":{"line":46,"column":44}},"46":{"start":{"line":47,"column":0},"end":{"line":47,"column":6}},"47":{"start":{"line":48,"column":0},"end":{"line":48,"column":0}},"48":{"start":{"line":49,"column":0},"end":{"line":49,"column":33}},"49":{"start":{"line":50,"column":0},"end":{"line":50,"column":39}},"50":{"start":{"line":51,"column":0},"end":{"line":51,"column":0}},"51":{"start":{"line":52,"column":0},"end":{"line":52,"column":18}},"52":{"start":{"line":53,"column":0},"end":{"line":53,"column":33}},"53":{"start":{"line":54,"column":0},"end":{"line":54,"column":5}},"54":{"start":{"line":55,"column":0},"end":{"line":55,"column":0}},"55":{"start":{"line":56,"column":0},"end":{"line":56,"column":62}},"56":{"start":{"line":57,"column":0},"end":{"line":57,"column":1}}},"s":{"0":1,"1":1,"2":1,"3":1,"4":1,"5":1,"6":1,"7":1,"8":1,"9":1,"10":1,"11":1,"12":1,"13":1,"14":1,"15":1,"16":1,"17":1,"18":1,"19":1,"20":0,"21":0,"22":1,"23":1,"24":0,"25":0,"26":0,"27":0,"28":0,"29":0,"30":0,"31":0,"32":1,"33":1,"34":1,"35":1,"36":0,"37":1,"38":1,"39":0,"40":1,"41":1,"42":1,"43":0,"44":1,"45":1,"46":1,"47":1,"48":1,"49":1,"50":1,"51":1,"52":1,"53":1,"54":0,"55":0,"56":0},"branchMap":{"0":{"type":"branch","line":19,"loc":{"start":{"line":19,"column":7},"end":{"line":57,"column":1}},"locations":[{"start":{"line":19,"column":7},"end":{"line":57,"column":1}}]},"1":{"type":"branch","line":20,"loc":{"start":{"line":20,"column":27},"end":{"line":22,"column":5}},"locations":[{"start":{"line":20,"column":27},"end":{"line":22,"column":5}}]},"2":{"type":"branch","line":24,"loc":{"start":{"line":24,"column":38},"end":{"line":32,"column":5}},"locations":[{"start":{"line":24,"column":38},"end":{"line":32,"column":5}}]},"3":{"type":"branch","line":54,"loc":{"start":{"line":54,"column":4},"end":{"line":57,"column":1}},"locations":[{"start":{"line":54,"column":4},"end":{"line":57,"column":1}}]},"4":{"type":"branch","line":35,"loc":{"start":{"line":35,"column":17},"end":{"line":35,"column":28}},"locations":[{"start":{"line":35,"column":17},"end":{"line":35,"column":28}}]}},"b":{"0":[1],"1":[0],"2":[0],"3":[0],"4":[1]},"fnMap":{"0":{"name":"ToNumber","decl":{"start":{"line":19,"column":7},"end":{"line":57,"column":1}},"loc":{"start":{"line":19,"column":7},"end":{"line":57,"column":1}},"line":19},"1":{"name":"number","decl":{"start":{"line":35,"column":17},"end":{"line":35,"column":28}},"loc":{"start":{"line":35,"column":17},"end":{"line":35,"column":28}},"line":35},"2":{"name":"symbol","decl":{"start":{"line":36,"column":16},"end":{"line":38,"column":9}},"loc":{"start":{"line":36,"column":16},"end":{"line":38,"column":9}},"line":36},"3":{"name":"bigint","decl":{"start":{"line":39,"column":16},"end":{"line":41,"column":9}},"loc":{"start":{"line":39,"column":16},"end":{"line":41,"column":9}},"line":39},"4":{"name":"undefined","decl":{"start":{"line":42,"column":19},"end":{"line":42,"column":28}},"loc":{"start":{"line":42,"column":19},"end":{"line":42,"column":28}},"line":42},"5":{"name":"boolean","decl":{"start":{"line":43,"column":18},"end":{"line":45,"column":9}},"loc":{"start":{"line":43,"column":18},"end":{"line":45,"column":9}},"line":43},"6":{"name":"string","decl":{"start":{"line":46,"column":17},"end":{"line":46,"column":44}},"loc":{"start":{"line":46,"column":17},"end":{"line":46,"column":44}},"line":46}},"f":{"0":1,"1":1,"2":0,"3":0,"4":0,"5":0,"6":0}}
,"D:\\LearningSpace\\Algorithms\\Leetcode-Every-Day\\Theory\\DataStructure\\utils\\AbstractOperations\\TypeConversion\\ToObject.js": {"path":"D:\\LearningSpace\\Algorithms\\Leetcode-Every-Day\\Theory\\DataStructure\\utils\\AbstractOperations\\TypeConversion\\ToObject.js","all":false,"statementMap":{"0":{"start":{"line":1,"column":0},"end":{"line":1,"column":3}},"1":{"start":{"line":2,"column":0},"end":{"line":2,"column":77}},"2":{"start":{"line":3,"column":0},"end":{"line":3,"column":57}},"3":{"start":{"line":4,"column":0},"end":{"line":4,"column":2}},"4":{"start":{"line":5,"column":0},"end":{"line":5,"column":104}},"5":{"start":{"line":6,"column":0},"end":{"line":6,"column":2}},"6":{"start":{"line":7,"column":0},"end":{"line":7,"column":45}},"7":{"start":{"line":8,"column":0},"end":{"line":8,"column":2}},"8":{"start":{"line":9,"column":0},"end":{"line":9,"column":40}},"9":{"start":{"line":10,"column":0},"end":{"line":10,"column":2}},"10":{"start":{"line":11,"column":0},"end":{"line":11,"column":43}},"11":{"start":{"line":12,"column":0},"end":{"line":12,"column":2}},"12":{"start":{"line":13,"column":0},"end":{"line":13,"column":41}},"13":{"start":{"line":14,"column":0},"end":{"line":14,"column":2}},"14":{"start":{"line":15,"column":0},"end":{"line":15,"column":41}},"15":{"start":{"line":16,"column":0},"end":{"line":16,"column":2}},"16":{"start":{"line":17,"column":0},"end":{"line":17,"column":41}},"17":{"start":{"line":18,"column":0},"end":{"line":18,"column":2}},"18":{"start":{"line":19,"column":0},"end":{"line":19,"column":41}},"19":{"start":{"line":20,"column":0},"end":{"line":20,"column":2}},"20":{"start":{"line":21,"column":0},"end":{"line":21,"column":28}},"21":{"start":{"line":22,"column":0},"end":{"line":22,"column":2}},"22":{"start":{"line":23,"column":0},"end":{"line":23,"column":49}},"23":{"start":{"line":24,"column":0},"end":{"line":24,"column":82}},"24":{"start":{"line":25,"column":0},"end":{"line":25,"column":3}},"25":{"start":{"line":26,"column":0},"end":{"line":26,"column":36}},"26":{"start":{"line":27,"column":0},"end":{"line":27,"column":54}},"27":{"start":{"line":28,"column":0},"end":{"line":28,"column":72}},"28":{"start":{"line":29,"column":0},"end":{"line":29,"column":5}},"29":{"start":{"line":30,"column":0},"end":{"line":30,"column":0}},"30":{"start":{"line":31,"column":0},"end":{"line":31,"column":22}},"31":{"start":{"line":32,"column":0},"end":{"line":32,"column":15}},"32":{"start":{"line":33,"column":0},"end":{"line":33,"column":18}},"33":{"start":{"line":34,"column":0},"end":{"line":34,"column":17}},"34":{"start":{"line":35,"column":0},"end":{"line":35,"column":17}},"35":{"start":{"line":36,"column":0},"end":{"line":36,"column":17}},"36":{"start":{"line":37,"column":0},"end":{"line":37,"column":16}},"37":{"start":{"line":38,"column":0},"end":{"line":38,"column":6}},"38":{"start":{"line":39,"column":0},"end":{"line":39,"column":33}},"39":{"start":{"line":40,"column":0},"end":{"line":40,"column":0}},"40":{"start":{"line":41,"column":0},"end":{"line":41,"column":34}},"41":{"start":{"line":42,"column":0},"end":{"line":42,"column":32}},"42":{"start":{"line":43,"column":0},"end":{"line":43,"column":35}},"43":{"start":{"line":44,"column":0},"end":{"line":44,"column":24}},"44":{"start":{"line":45,"column":0},"end":{"line":45,"column":5}},"45":{"start":{"line":46,"column":0},"end":{"line":46,"column":0}},"46":{"start":{"line":47,"column":0},"end":{"line":47,"column":68}},"47":{"start":{"line":48,"column":0},"end":{"line":48,"column":1}}},"s":{"0":1,"1":1,"2":1,"3":1,"4":1,"5":1,"6":1,"7":1,"8":1,"9":1,"10":1,"11":1,"12":1,"13":1,"14":1,"15":1,"16":1,"17":1,"18":1,"19":1,"20":1,"21":1,"22":1,"23":1,"24":1,"25":1,"26":1,"27":0,"28":0,"29":1,"30":1,"31":1,"32":1,"33":1,"34":1,"35":1,"36":1,"37":1,"38":1,"39":1,"40":1,"41":0,"42":1,"43":1,"44":1,"45":0,"46":0,"47":0},"branchMap":{"0":{"type":"branch","line":26,"loc":{"start":{"line":26,"column":7},"end":{"line":48,"column":1}},"locations":[{"start":{"line":26,"column":7},"end":{"line":48,"column":1}}]},"1":{"type":"branch","line":27,"loc":{"start":{"line":27,"column":53},"end":{"line":29,"column":5}},"locations":[{"start":{"line":27,"column":53},"end":{"line":29,"column":5}}]},"2":{"type":"branch","line":41,"loc":{"start":{"line":41,"column":33},"end":{"line":43,"column":5}},"locations":[{"start":{"line":41,"column":33},"end":{"line":43,"column":5}}]},"3":{"type":"branch","line":45,"loc":{"start":{"line":45,"column":4},"end":{"line":48,"column":1}},"locations":[{"start":{"line":45,"column":4},"end":{"line":48,"column":1}}]}},"b":{"0":[1],"1":[0],"2":[0],"3":[0]},"fnMap":{"0":{"name":"ToObject","decl":{"start":{"line":26,"column":7},"end":{"line":48,"column":1}},"loc":{"start":{"line":26,"column":7},"end":{"line":48,"column":1}},"line":26}},"f":{"0":1}}
,"D:\\LearningSpace\\Algorithms\\Leetcode-Every-Day\\Theory\\DataStructure\\utils\\AbstractOperations\\TypeConversion\\ToPrimitive.js": {"path":"D:\\LearningSpace\\Algorithms\\Leetcode-Every-Day\\Theory\\DataStructure\\utils\\AbstractOperations\\TypeConversion\\ToPrimitive.js","all":false,"statementMap":{"0":{"start":{"line":1,"column":0},"end":{"line":1,"column":68}},"1":{"start":{"line":2,"column":0},"end":{"line":2,"column":69}},"2":{"start":{"line":3,"column":0},"end":{"line":3,"column":0}},"3":{"start":{"line":4,"column":0},"end":{"line":4,"column":3}},"4":{"start":{"line":5,"column":0},"end":{"line":5,"column":75}},"5":{"start":{"line":6,"column":0},"end":{"line":6,"column":73}},"6":{"start":{"line":7,"column":0},"end":{"line":7,"column":67}},"7":{"start":{"line":8,"column":0},"end":{"line":8,"column":2}},"8":{"start":{"line":9,"column":0},"end":{"line":9,"column":9}},"9":{"start":{"line":10,"column":0},"end":{"line":10,"column":33}},"10":{"start":{"line":11,"column":0},"end":{"line":11,"column":71}},"11":{"start":{"line":12,"column":0},"end":{"line":12,"column":48}},"12":{"start":{"line":13,"column":0},"end":{"line":13,"column":51}},"13":{"start":{"line":14,"column":0},"end":{"line":14,"column":40}},"14":{"start":{"line":15,"column":0},"end":{"line":15,"column":52}},"15":{"start":{"line":16,"column":0},"end":{"line":16,"column":39}},"16":{"start":{"line":17,"column":0},"end":{"line":17,"column":21}},"17":{"start":{"line":18,"column":0},"end":{"line":18,"column":50}},"18":{"start":{"line":19,"column":0},"end":{"line":19,"column":39}},"19":{"start":{"line":20,"column":0},"end":{"line":20,"column":67}},"20":{"start":{"line":21,"column":0},"end":{"line":21,"column":56}},"21":{"start":{"line":22,"column":0},"end":{"line":22,"column":43}},"22":{"start":{"line":23,"column":0},"end":{"line":23,"column":71}},"23":{"start":{"line":24,"column":0},"end":{"line":24,"column":61}},"24":{"start":{"line":25,"column":0},"end":{"line":25,"column":19}},"25":{"start":{"line":26,"column":0},"end":{"line":26,"column":2}},"26":{"start":{"line":27,"column":0},"end":{"line":27,"column":49}},"27":{"start":{"line":28,"column":0},"end":{"line":28,"column":79}},"28":{"start":{"line":29,"column":0},"end":{"line":29,"column":101}},"29":{"start":{"line":30,"column":0},"end":{"line":30,"column":3}},"30":{"start":{"line":31,"column":0},"end":{"line":31,"column":51}},"31":{"start":{"line":32,"column":0},"end":{"line":32,"column":36}},"32":{"start":{"line":33,"column":0},"end":{"line":33,"column":66}},"33":{"start":{"line":34,"column":0},"end":{"line":34,"column":0}},"34":{"start":{"line":35,"column":0},"end":{"line":35,"column":41}},"35":{"start":{"line":36,"column":0},"end":{"line":36,"column":22}},"36":{"start":{"line":37,"column":0},"end":{"line":37,"column":43}},"37":{"start":{"line":38,"column":0},"end":{"line":38,"column":31}},"38":{"start":{"line":39,"column":0},"end":{"line":39,"column":48}},"39":{"start":{"line":40,"column":0},"end":{"line":40,"column":30}},"40":{"start":{"line":41,"column":0},"end":{"line":41,"column":31}},"41":{"start":{"line":42,"column":0},"end":{"line":42,"column":0}},"42":{"start":{"line":43,"column":0},"end":{"line":43,"column":61}},"43":{"start":{"line":44,"column":0},"end":{"line":44,"column":0}},"44":{"start":{"line":45,"column":0},"end":{"line":45,"column":45}},"45":{"start":{"line":46,"column":0},"end":{"line":46,"column":30}},"46":{"start":{"line":47,"column":0},"end":{"line":47,"column":13}},"47":{"start":{"line":48,"column":0},"end":{"line":48,"column":0}},"48":{"start":{"line":49,"column":0},"end":{"line":49,"column":76}},"49":{"start":{"line":50,"column":0},"end":{"line":50,"column":9}},"50":{"start":{"line":51,"column":0},"end":{"line":51,"column":0}},"51":{"start":{"line":52,"column":0},"end":{"line":52,"column":42}},"52":{"start":{"line":53,"column":0},"end":{"line":53,"column":37}},"53":{"start":{"line":54,"column":0},"end":{"line":54,"column":9}},"54":{"start":{"line":55,"column":0},"end":{"line":55,"column":0}},"55":{"start":{"line":56,"column":0},"end":{"line":56,"column":57}},"56":{"start":{"line":57,"column":0},"end":{"line":57,"column":5}},"57":{"start":{"line":58,"column":0},"end":{"line":58,"column":0}},"58":{"start":{"line":59,"column":0},"end":{"line":59,"column":17}},"59":{"start":{"line":60,"column":0},"end":{"line":60,"column":1}},"60":{"start":{"line":61,"column":0},"end":{"line":61,"column":0}},"61":{"start":{"line":62,"column":0},"end":{"line":62,"column":3}},"62":{"start":{"line":63,"column":0},"end":{"line":63,"column":104}},"63":{"start":{"line":64,"column":0},"end":{"line":64,"column":2}},"64":{"start":{"line":65,"column":0},"end":{"line":65,"column":9}},"65":{"start":{"line":66,"column":0},"end":{"line":66,"column":29}},"66":{"start":{"line":67,"column":0},"end":{"line":67,"column":55}},"67":{"start":{"line":68,"column":0},"end":{"line":68,"column":11}},"68":{"start":{"line":69,"column":0},"end":{"line":69,"column":55}},"69":{"start":{"line":70,"column":0},"end":{"line":70,"column":46}},"70":{"start":{"line":71,"column":0},"end":{"line":71,"column":39}},"71":{"start":{"line":72,"column":0},"end":{"line":72,"column":45}},"72":{"start":{"line":73,"column":0},"end":{"line":73,"column":46}},"73":{"start":{"line":74,"column":0},"end":{"line":74,"column":57}},"74":{"start":{"line":75,"column":0},"end":{"line":75,"column":34}},"75":{"start":{"line":76,"column":0},"end":{"line":76,"column":2}},"76":{"start":{"line":77,"column":0},"end":{"line":77,"column":26}},"77":{"start":{"line":78,"column":0},"end":{"line":78,"column":40}},"78":{"start":{"line":79,"column":0},"end":{"line":79,"column":101}},"79":{"start":{"line":80,"column":0},"end":{"line":80,"column":3}},"80":{"start":{"line":81,"column":0},"end":{"line":81,"column":46}},"81":{"start":{"line":82,"column":0},"end":{"line":82,"column":43}},"82":{"start":{"line":83,"column":0},"end":{"line":83,"column":0}},"83":{"start":{"line":84,"column":0},"end":{"line":84,"column":36}},"84":{"start":{"line":85,"column":0},"end":{"line":85,"column":75}},"85":{"start":{"line":86,"column":0},"end":{"line":86,"column":5}},"86":{"start":{"line":87,"column":0},"end":{"line":87,"column":0}},"87":{"start":{"line":88,"column":0},"end":{"line":88,"column":23}},"88":{"start":{"line":89,"column":0},"end":{"line":89,"column":78}},"89":{"start":{"line":90,"column":0},"end":{"line":90,"column":0}},"90":{"start":{"line":91,"column":0},"end":{"line":91,"column":37}},"91":{"start":{"line":92,"column":0},"end":{"line":92,"column":36}},"92":{"start":{"line":93,"column":0},"end":{"line":93,"column":0}},"93":{"start":{"line":94,"column":0},"end":{"line":94,"column":33}},"94":{"start":{"line":95,"column":0},"end":{"line":95,"column":43}},"95":{"start":{"line":96,"column":0},"end":{"line":96,"column":0}},"96":{"start":{"line":97,"column":0},"end":{"line":97,"column":45}},"97":{"start":{"line":98,"column":0},"end":{"line":98,"column":30}},"98":{"start":{"line":99,"column":0},"end":{"line":99,"column":13}},"99":{"start":{"line":100,"column":0},"end":{"line":100,"column":9}},"100":{"start":{"line":101,"column":0},"end":{"line":101,"column":5}},"101":{"start":{"line":102,"column":0},"end":{"line":102,"column":0}},"102":{"start":{"line":103,"column":0},"end":{"line":103,"column":62}},"103":{"start":{"line":104,"column":0},"end":{"line":104,"column":1}}},"s":{"0":1,"1":1,"2":1,"3":1,"4":1,"5":1,"6":1,"7":1,"8":1,"9":1,"10":1,"11":1,"12":1,"13":1,"14":1,"15":1,"16":1,"17":1,"18":1,"19":1,"20":1,"21":1,"22":1,"23":1,"24":1,"25":1,"26":1,"27":1,"28":1,"29":1,"30":1,"31":0,"32":0,"33":0,"34":0,"35":0,"36":0,"37":0,"38":0,"39":0,"40":0,"41":0,"42":0,"43":0,"44":0,"45":0,"46":0,"47":0,"48":0,"49":0,"50":0,"51":0,"52":0,"53":0,"54":0,"55":0,"56":0,"57":0,"58":0,"59":0,"60":1,"61":1,"62":1,"63":1,"64":1,"65":1,"66":1,"67":1,"68":1,"69":1,"70":1,"71":1,"72":1,"73":1,"74":1,"75":1,"76":1,"77":1,"78":1,"79":1,"80":1,"81":0,"82":0,"83":0,"84":0,"85":0,"86":0,"87":0,"88":0,"89":0,"90":0,"91":0,"92":0,"93":0,"94":0,"95":0,"96":0,"97":0,"98":0,"99":0,"100":0,"101":0,"102":0,"103":0},"branchMap":{},"b":{},"fnMap":{"0":{"name":"ToPrimitive","decl":{"start":{"line":31,"column":7},"end":{"line":60,"column":1}},"loc":{"start":{"line":31,"column":7},"end":{"line":60,"column":1}},"line":31},"1":{"name":"OrdinaryToPrimitive","decl":{"start":{"line":81,"column":7},"end":{"line":104,"column":1}},"loc":{"start":{"line":81,"column":7},"end":{"line":104,"column":1}},"line":81}},"f":{"0":0,"1":0}}
,"D:\\LearningSpace\\Algorithms\\Leetcode-Every-Day\\Theory\\DataStructure\\utils\\AbstractOperations\\TypeConversion\\ToString.js": {"path":"D:\\LearningSpace\\Algorithms\\Leetcode-Every-Day\\Theory\\DataStructure\\utils\\AbstractOperations\\TypeConversion\\ToString.js","all":false,"statementMap":{"0":{"start":{"line":1,"column":0},"end":{"line":1,"column":38}},"1":{"start":{"line":2,"column":0},"end":{"line":2,"column":0}},"2":{"start":{"line":3,"column":0},"end":{"line":3,"column":3}},"3":{"start":{"line":4,"column":0},"end":{"line":4,"column":79}},"4":{"start":{"line":5,"column":0},"end":{"line":5,"column":2}},"5":{"start":{"line":6,"column":0},"end":{"line":6,"column":9}},"6":{"start":{"line":7,"column":0},"end":{"line":7,"column":47}},"7":{"start":{"line":8,"column":0},"end":{"line":8,"column":59}},"8":{"start":{"line":9,"column":0},"end":{"line":9,"column":51}},"9":{"start":{"line":10,"column":0},"end":{"line":10,"column":41}},"10":{"start":{"line":11,"column":0},"end":{"line":11,"column":41}},"11":{"start":{"line":12,"column":0},"end":{"line":12,"column":43}},"12":{"start":{"line":13,"column":0},"end":{"line":13,"column":69}},"13":{"start":{"line":14,"column":0},"end":{"line":14,"column":69}},"14":{"start":{"line":15,"column":0},"end":{"line":15,"column":36}},"15":{"start":{"line":16,"column":0},"end":{"line":16,"column":56}},"16":{"start":{"line":17,"column":0},"end":{"line":17,"column":42}},"17":{"start":{"line":18,"column":0},"end":{"line":18,"column":36}},"18":{"start":{"line":19,"column":0},"end":{"line":19,"column":2}},"19":{"start":{"line":20,"column":0},"end":{"line":20,"column":51}},"20":{"start":{"line":21,"column":0},"end":{"line":21,"column":81}},"21":{"start":{"line":22,"column":0},"end":{"line":22,"column":3}},"22":{"start":{"line":23,"column":0},"end":{"line":23,"column":36}},"23":{"start":{"line":24,"column":0},"end":{"line":24,"column":28}},"24":{"start":{"line":25,"column":0},"end":{"line":25,"column":24}},"25":{"start":{"line":26,"column":0},"end":{"line":26,"column":5}},"26":{"start":{"line":27,"column":0},"end":{"line":27,"column":0}},"27":{"start":{"line":28,"column":0},"end":{"line":28,"column":26}},"28":{"start":{"line":29,"column":0},"end":{"line":29,"column":29}},"29":{"start":{"line":30,"column":0},"end":{"line":30,"column":23}},"30":{"start":{"line":31,"column":0},"end":{"line":31,"column":71}},"31":{"start":{"line":32,"column":0},"end":{"line":32,"column":10}},"32":{"start":{"line":33,"column":0},"end":{"line":33,"column":32}},"33":{"start":{"line":34,"column":0},"end":{"line":34,"column":30}},"34":{"start":{"line":35,"column":0},"end":{"line":35,"column":65}},"35":{"start":{"line":36,"column":0},"end":{"line":36,"column":65}},"36":{"start":{"line":37,"column":0},"end":{"line":37,"column":26}},"37":{"start":{"line":38,"column":0},"end":{"line":38,"column":57}},"38":{"start":{"line":39,"column":0},"end":{"line":39,"column":0}},"39":{"start":{"line":40,"column":0},"end":{"line":40,"column":48}},"40":{"start":{"line":41,"column":0},"end":{"line":41,"column":43}},"41":{"start":{"line":42,"column":0},"end":{"line":42,"column":13}},"42":{"start":{"line":43,"column":0},"end":{"line":43,"column":9}},"43":{"start":{"line":44,"column":0},"end":{"line":44,"column":6}},"44":{"start":{"line":45,"column":0},"end":{"line":45,"column":0}},"45":{"start":{"line":46,"column":0},"end":{"line":46,"column":33}},"46":{"start":{"line":47,"column":0},"end":{"line":47,"column":39}},"47":{"start":{"line":48,"column":0},"end":{"line":48,"column":18}},"48":{"start":{"line":49,"column":0},"end":{"line":49,"column":33}},"49":{"start":{"line":50,"column":0},"end":{"line":50,"column":5}},"50":{"start":{"line":51,"column":0},"end":{"line":51,"column":0}},"51":{"start":{"line":52,"column":0},"end":{"line":52,"column":63}},"52":{"start":{"line":53,"column":0},"end":{"line":53,"column":1}}},"s":{"0":1,"1":1,"2":1,"3":1,"4":1,"5":1,"6":1,"7":1,"8":1,"9":1,"10":1,"11":1,"12":1,"13":1,"14":1,"15":1,"16":1,"17":1,"18":1,"19":1,"20":1,"21":1,"22":1,"23":0,"24":0,"25":0,"26":0,"27":0,"28":0,"29":0,"30":0,"31":0,"32":0,"33":0,"34":0,"35":0,"36":0,"37":0,"38":0,"39":0,"40":0,"41":0,"42":0,"43":0,"44":0,"45":0,"46":0,"47":0,"48":0,"49":0,"50":0,"51":0,"52":0},"branchMap":{},"b":{},"fnMap":{"0":{"name":"ToString","decl":{"start":{"line":23,"column":7},"end":{"line":53,"column":1}},"loc":{"start":{"line":23,"column":7},"end":{"line":53,"column":1}},"line":23}},"f":{"0":0}}
,"D:\\LearningSpace\\Algorithms\\Leetcode-Every-Day\\Theory\\DataStructure\\utils\\AbstractOperations\\TypeConversion\\index.js": {"path":"D:\\LearningSpace\\Algorithms\\Leetcode-Every-Day\\Theory\\DataStructure\\utils\\AbstractOperations\\TypeConversion\\index.js","all":false,"statementMap":{"0":{"start":{"line":1,"column":0},"end":{"line":1,"column":27}},"1":{"start":{"line":2,"column":0},"end":{"line":2,"column":27}},"2":{"start":{"line":3,"column":0},"end":{"line":3,"column":36}},"3":{"start":{"line":4,"column":0},"end":{"line":4,"column":27}},"4":{"start":{"line":5,"column":0},"end":{"line":5,"column":30}},"5":{"start":{"line":6,"column":0},"end":{"line":6,"column":27}},"6":{"start":{"line":7,"column":0},"end":{"line":7,"column":38}}},"s":{"0":1,"1":1,"2":1,"3":0,"4":0,"5":1,"6":1},"branchMap":{"0":{"type":"branch","line":1,"loc":{"start":{"line":1,"column":0},"end":{"line":1,"column":27}},"locations":[{"start":{"line":1,"column":0},"end":{"line":1,"column":27}}]},"1":{"type":"branch","line":1,"loc":{"start":{"line":1,"column":0},"end":{"line":1,"column":27}},"locations":[{"start":{"line":1,"column":0},"end":{"line":1,"column":27}}]},"2":{"type":"branch","line":1,"loc":{"start":{"line":1,"column":0},"end":{"line":1,"column":27}},"locations":[{"start":{"line":1,"column":0},"end":{"line":1,"column":27}}]},"3":{"type":"branch","line":1,"loc":{"start":{"line":1,"column":0},"end":{"line":1,"column":27}},"locations":[{"start":{"line":1,"column":0},"end":{"line":1,"column":27}}]},"4":{"type":"branch","line":1,"loc":{"start":{"line":1,"column":0},"end":{"line":1,"column":27}},"locations":[{"start":{"line":1,"column":0},"end":{"line":1,"column":27}}]},"5":{"type":"branch","line":2,"loc":{"start":{"line":2,"column":0},"end":{"line":2,"column":27}},"locations":[{"start":{"line":2,"column":0},"end":{"line":2,"column":27}}]},"6":{"type":"branch","line":2,"loc":{"start":{"line":2,"column":0},"end":{"line":2,"column":27}},"locations":[{"start":{"line":2,"column":0},"end":{"line":2,"column":27}}]},"7":{"type":"branch","line":2,"loc":{"start":{"line":2,"column":0},"end":{"line":2,"column":27}},"locations":[{"start":{"line":2,"column":0},"end":{"line":2,"column":27}}]},"8":{"type":"branch","line":2,"loc":{"start":{"line":2,"column":0},"end":{"line":2,"column":27}},"locations":[{"start":{"line":2,"column":0},"end":{"line":2,"column":27}}]},"9":{"type":"branch","line":2,"loc":{"start":{"line":2,"column":0},"end":{"line":2,"column":27}},"locations":[{"start":{"line":2,"column":0},"end":{"line":2,"column":27}}]},"10":{"type":"branch","line":3,"loc":{"start":{"line":3,"column":0},"end":{"line":3,"column":36}},"locations":[{"start":{"line":3,"column":0},"end":{"line":3,"column":36}}]},"11":{"type":"branch","line":3,"loc":{"start":{"line":3,"column":0},"end":{"line":3,"column":36}},"locations":[{"start":{"line":3,"column":0},"end":{"line":3,"column":36}}]},"12":{"type":"branch","line":3,"loc":{"start":{"line":3,"column":0},"end":{"line":3,"column":36}},"locations":[{"start":{"line":3,"column":0},"end":{"line":3,"column":36}}]},"13":{"type":"branch","line":3,"loc":{"start":{"line":3,"column":0},"end":{"line":3,"column":36}},"locations":[{"start":{"line":3,"column":0},"end":{"line":3,"column":36}}]},"14":{"type":"branch","line":3,"loc":{"start":{"line":3,"column":0},"end":{"line":3,"column":36}},"locations":[{"start":{"line":3,"column":0},"end":{"line":3,"column":36}}]},"15":{"type":"branch","line":4,"loc":{"start":{"line":4,"column":0},"end":{"line":4,"column":27}},"locations":[{"start":{"line":4,"column":0},"end":{"line":4,"column":27}}]},"16":{"type":"branch","line":4,"loc":{"start":{"line":4,"column":0},"end":{"line":4,"column":27}},"locations":[{"start":{"line":4,"column":0},"end":{"line":4,"column":27}}]},"17":{"type":"branch","line":4,"loc":{"start":{"line":4,"column":0},"end":{"line":4,"column":27}},"locations":[{"start":{"line":4,"column":0},"end":{"line":4,"column":27}}]},"18":{"type":"branch","line":4,"loc":{"start":{"line":4,"column":0},"end":{"line":4,"column":27}},"locations":[{"start":{"line":4,"column":0},"end":{"line":4,"column":27}}]},"19":{"type":"branch","line":5,"loc":{"start":{"line":5,"column":0},"end":{"line":5,"column":30}},"locations":[{"start":{"line":5,"column":0},"end":{"line":5,"column":30}}]},"20":{"type":"branch","line":5,"loc":{"start":{"line":5,"column":0},"end":{"line":5,"column":30}},"locations":[{"start":{"line":5,"column":0},"end":{"line":5,"column":30}}]},"21":{"type":"branch","line":5,"loc":{"start":{"line":5,"column":0},"end":{"line":5,"column":30}},"locations":[{"start":{"line":5,"column":0},"end":{"line":5,"column":30}}]},"22":{"type":"branch","line":5,"loc":{"start":{"line":5,"column":0},"end":{"line":5,"column":30}},"locations":[{"start":{"line":5,"column":0},"end":{"line":5,"column":30}}]},"23":{"type":"branch","line":6,"loc":{"start":{"line":6,"column":0},"end":{"line":6,"column":27}},"locations":[{"start":{"line":6,"column":0},"end":{"line":6,"column":27}}]},"24":{"type":"branch","line":6,"loc":{"start":{"line":6,"column":0},"end":{"line":6,"column":27}},"locations":[{"start":{"line":6,"column":0},"end":{"line":6,"column":27}}]},"25":{"type":"branch","line":6,"loc":{"start":{"line":6,"column":0},"end":{"line":6,"column":27}},"locations":[{"start":{"line":6,"column":0},"end":{"line":6,"column":27}}]},"26":{"type":"branch","line":6,"loc":{"start":{"line":6,"column":0},"end":{"line":6,"column":27}},"locations":[{"start":{"line":6,"column":0},"end":{"line":6,"column":27}}]},"27":{"type":"branch","line":6,"loc":{"start":{"line":6,"column":0},"end":{"line":6,"column":27}},"locations":[{"start":{"line":6,"column":0},"end":{"line":6,"column":27}}]},"28":{"type":"branch","line":7,"loc":{"start":{"line":7,"column":0},"end":{"line":7,"column":38}},"locations":[{"start":{"line":7,"column":0},"end":{"line":7,"column":38}}]},"29":{"type":"branch","line":7,"loc":{"start":{"line":7,"column":0},"end":{"line":7,"column":38}},"locations":[{"start":{"line":7,"column":0},"end":{"line":7,"column":38}}]},"30":{"type":"branch","line":7,"loc":{"start":{"line":7,"column":0},"end":{"line":7,"column":38}},"locations":[{"start":{"line":7,"column":0},"end":{"line":7,"column":38}}]},"31":{"type":"branch","line":7,"loc":{"start":{"line":7,"column":0},"end":{"line":7,"column":38}},"locations":[{"start":{"line":7,"column":0},"end":{"line":7,"column":38}}]},"32":{"type":"branch","line":7,"loc":{"start":{"line":7,"column":0},"end":{"line":7,"column":38}},"locations":[{"start":{"line":7,"column":0},"end":{"line":7,"column":38}}]}},"b":{"0":[1],"1":[0],"2":[0],"3":[0],"4":[1],"5":[1],"6":[0],"7":[0],"8":[0],"9":[1],"10":[1],"11":[0],"12":[0],"13":[0],"14":[1],"15":[1],"16":[0],"17":[0],"18":[0],"19":[2],"20":[0],"21":[0],"22":[0],"23":[1],"24":[0],"25":[0],"26":[0],"27":[1],"28":[1],"29":[0],"30":[0],"31":[0],"32":[1]},"fnMap":{"0":{"name":"get","decl":{"start":{"line":1,"column":0},"end":{"line":1,"column":27}},"loc":{"start":{"line":1,"column":0},"end":{"line":1,"column":27}},"line":1},"1":{"name":"get","decl":{"start":{"line":2,"column":0},"end":{"line":2,"column":27}},"loc":{"start":{"line":2,"column":0},"end":{"line":2,"column":27}},"line":2},"2":{"name":"get","decl":{"start":{"line":3,"column":0},"end":{"line":3,"column":36}},"loc":{"start":{"line":3,"column":0},"end":{"line":3,"column":36}},"line":3},"3":{"name":"get","decl":{"start":{"line":4,"column":0},"end":{"line":4,"column":27}},"loc":{"start":{"line":4,"column":0},"end":{"line":4,"column":27}},"line":4},"4":{"name":"get","decl":{"start":{"line":5,"column":0},"end":{"line":5,"column":30}},"loc":{"start":{"line":5,"column":0},"end":{"line":5,"column":30}},"line":5},"5":{"name":"get","decl":{"start":{"line":6,"column":0},"end":{"line":6,"column":27}},"loc":{"start":{"line":6,"column":0},"end":{"line":6,"column":27}},"line":6},"6":{"name":"get","decl":{"start":{"line":7,"column":0},"end":{"line":7,"column":38}},"loc":{"start":{"line":7,"column":0},"end":{"line":7,"column":38}},"line":7}},"f":{"0":1,"1":1,"2":1,"3":0,"4":0,"5":1,"6":1}}
}
