TN:
SF:Array\Array.js
FN:32,Object.<anonymous>.Array.tinyForEach
FNF:1
FNH:1
FNDA:1,Object.<anonymous>.Array.tinyForEach
DA:1,1
DA:2,1
DA:3,1
DA:4,1
DA:5,1
DA:6,1
DA:7,1
DA:8,1
DA:9,1
DA:10,1
DA:11,1
DA:12,1
DA:13,1
DA:14,1
DA:15,1
DA:16,1
DA:17,1
DA:18,1
DA:19,1
DA:20,1
DA:21,1
DA:22,1
DA:23,1
DA:24,1
DA:25,1
DA:26,1
DA:27,1
DA:28,1
DA:29,1
DA:30,1
DA:31,1
DA:32,1
DA:33,1
DA:34,1
DA:35,1
DA:36,1
DA:37,1
DA:38,1
DA:39,1
DA:40,1
DA:41,1
DA:42,1
DA:43,0
DA:44,0
DA:45,0
DA:46,0
DA:47,0
DA:48,0
DA:49,0
DA:50,0
DA:51,0
DA:52,0
DA:53,0
DA:54,0
DA:55,0
DA:56,0
DA:57,0
DA:58,0
DA:59,0
DA:60,0
LF:60
LH:42
BRDA:32,0,0,1
BRDA:39,1,0,0
BRDA:42,2,0,0
BRF:3
BRH:1
end_of_record
TN:
SF:utils\AbstractOperations\OperationsOnObjects\Call.js
FN:16,Call
FNF:1
FNH:0
FNDA:0,Call
DA:1,1
DA:2,1
DA:3,1
DA:4,1
DA:5,1
DA:6,1
DA:7,1
DA:8,1
DA:9,1
DA:10,1
DA:11,1
DA:12,1
DA:13,1
DA:14,1
DA:15,1
DA:16,1
DA:17,0
DA:18,0
DA:19,0
DA:20,0
DA:21,0
DA:22,0
DA:23,0
DA:24,0
DA:25,0
DA:26,0
LF:26
LH:16
BRF:0
BRH:0
end_of_record
TN:
SF:utils\AbstractOperations\OperationsOnObjects\Get.js
FN:13,Get
FNF:1
FNH:1
FNDA:1,Get
DA:1,1
DA:2,1
DA:3,1
DA:4,1
DA:5,1
DA:6,1
DA:7,1
DA:8,1
DA:9,1
DA:10,1
DA:11,1
DA:12,1
DA:13,1
DA:14,1
DA:15,1
DA:16,1
DA:17,0
DA:18,0
DA:19,0
LF:19
LH:16
BRDA:13,0,0,1
BRDA:16,1,0,0
BRF:2
BRH:1
end_of_record
TN:
SF:utils\AbstractOperations\OperationsOnObjects\GetMethod.js
FN:18,GetMethod
FNF:1
FNH:0
FNDA:0,GetMethod
DA:1,1
DA:2,1
DA:3,1
DA:4,1
DA:5,1
DA:6,1
DA:7,1
DA:8,1
DA:9,1
DA:10,1
DA:11,1
DA:12,1
DA:13,1
DA:14,1
DA:15,1
DA:16,1
DA:17,1
DA:18,1
DA:19,0
DA:20,0
DA:21,0
DA:22,0
DA:23,0
DA:24,0
DA:25,0
DA:26,0
DA:27,0
DA:28,0
DA:29,0
DA:30,0
LF:30
LH:18
BRF:0
BRH:0
end_of_record
TN:
SF:utils\AbstractOperations\OperationsOnObjects\GetV.js
FN:14,GetV
FNF:1
FNH:0
FNDA:0,GetV
DA:1,1
DA:2,1
DA:3,1
DA:4,1
DA:5,1
DA:6,1
DA:7,1
DA:8,1
DA:9,1
DA:10,1
DA:11,1
DA:12,1
DA:13,1
DA:14,1
DA:15,0
DA:16,0
DA:17,0
DA:18,0
LF:18
LH:14
BRF:0
BRH:0
end_of_record
TN:
SF:utils\AbstractOperations\OperationsOnObjects\HasProperty.js
FN:12,HasProperty
FNF:1
FNH:0
FNDA:0,HasProperty
DA:1,1
DA:2,1
DA:3,1
DA:4,1
DA:5,1
DA:6,1
DA:7,1
DA:8,1
DA:9,1
DA:10,1
DA:11,1
DA:12,1
DA:13,0
DA:14,0
DA:15,0
DA:16,0
DA:17,0
DA:18,0
LF:18
LH:12
BRF:0
BRH:0
end_of_record
TN:
SF:utils\AbstractOperations\OperationsOnObjects\index.js
FN:1,get
FN:2,get
FN:3,get
FN:4,get
FN:5,get
FNF:5
FNH:1
FNDA:1,get
FNDA:0,get
FNDA:0,get
FNDA:0,get
FNDA:0,get
DA:1,1
DA:2,0
DA:3,0
DA:4,0
DA:5,0
LF:5
LH:1
BRDA:1,0,0,1
BRDA:1,1,0,0
BRDA:1,2,0,0
BRDA:1,3,0,0
BRDA:1,4,0,1
BRDA:2,5,0,1
BRDA:2,6,0,0
BRDA:2,7,0,0
BRDA:2,8,0,0
BRDA:3,9,0,1
BRDA:3,10,0,0
BRDA:3,11,0,0
BRDA:3,12,0,0
BRDA:4,13,0,1
BRDA:4,14,0,0
BRDA:4,15,0,0
BRDA:4,16,0,0
BRDA:5,17,0,1
BRDA:5,18,0,0
BRDA:5,19,0,0
BRDA:5,20,0,0
BRF:21
BRH:6
end_of_record
TN:
SF:utils\AbstractOperations\TestingAndComparsionOperations\IsCallable.js
FN:16,IsCallable
FNF:1
FNH:1
FNDA:1,IsCallable
DA:1,1
DA:2,1
DA:3,1
DA:4,1
DA:5,1
DA:6,1
DA:7,1
DA:8,1
DA:9,1
DA:10,1
DA:11,1
DA:12,1
DA:13,1
DA:14,1
DA:15,1
DA:16,1
DA:17,1
DA:18,1
DA:19,1
DA:20,0
DA:21,1
DA:22,0
DA:23,0
DA:24,0
DA:25,0
DA:26,0
LF:26
LH:20
BRDA:16,0,0,1
BRDA:19,1,0,0
BRDA:21,2,0,0
BRF:3
BRH:1
end_of_record
TN:
SF:utils\AbstractOperations\TestingAndComparsionOperations\index.js
FN:1,get
FNF:1
FNH:1
FNDA:1,get
DA:1,1
LF:1
LH:1
BRDA:1,0,0,1
BRDA:1,1,0,0
BRDA:1,2,0,0
BRDA:1,3,0,0
BRDA:1,4,0,1
BRF:5
BRH:2
end_of_record
TN:
SF:utils\AbstractOperations\TypeConversion\LengthOfArrayLike.js
FN:15,LengthOfArrayLike
FNF:1
FNH:1
FNDA:1,LengthOfArrayLike
DA:1,1
DA:2,1
DA:3,1
DA:4,1
DA:5,1
DA:6,1
DA:7,1
DA:8,1
DA:9,1
DA:10,1
DA:11,1
DA:12,1
DA:13,1
DA:14,1
DA:15,1
DA:16,1
DA:17,1
DA:18,1
DA:19,0
DA:20,0
DA:21,1
DA:22,1
DA:23,1
LF:23
LH:21
BRDA:15,0,0,1
BRDA:18,1,0,0
BRF:2
BRH:1
end_of_record
TN:
SF:utils\AbstractOperations\TypeConversion\ToIntegerOrInfinity.js
FN:18,ToIntegerOrInfinity
FNF:1
FNH:1
FNDA:1,ToIntegerOrInfinity
DA:1,1
DA:2,1
DA:3,1
DA:4,1
DA:5,1
DA:6,1
DA:7,1
DA:8,1
DA:9,1
DA:10,1
DA:11,1
DA:12,1
DA:13,1
DA:14,1
DA:15,1
DA:16,1
DA:17,1
DA:18,1
DA:19,1
DA:20,1
DA:21,1
DA:22,1
DA:23,1
DA:24,1
DA:25,1
DA:26,0
DA:27,1
DA:28,0
DA:29,1
DA:30,0
DA:31,0
DA:32,1
DA:33,1
DA:34,1
LF:34
LH:30
BRDA:18,0,0,1
BRDA:25,1,0,0
BRDA:27,2,0,0
BRDA:29,3,0,0
BRF:4
BRH:1
end_of_record
TN:
SF:utils\AbstractOperations\TypeConversion\ToLength.js
FN:15,ToLength
FNF:1
FNH:1
FNDA:1,ToLength
DA:1,1
DA:2,1
DA:3,1
DA:4,1
DA:5,1
DA:6,1
DA:7,1
DA:8,1
DA:9,1
DA:10,1
DA:11,1
DA:12,1
DA:13,1
DA:14,1
DA:15,1
DA:16,1
DA:17,1
DA:18,1
DA:19,1
LF:19
LH:19
BRDA:15,0,0,1
BRDA:18,1,0,0
BRF:2
BRH:1
end_of_record
TN:
SF:utils\AbstractOperations\TypeConversion\ToNumber.js
FN:19,ToNumber
FN:35,number
FN:36,symbol
FN:39,bigint
FN:42,undefined
FN:43,boolean
FN:46,string
FNF:7
FNH:2
FNDA:1,ToNumber
FNDA:1,number
FNDA:0,symbol
FNDA:0,bigint
FNDA:0,undefined
FNDA:0,boolean
FNDA:0,string
DA:1,1
DA:2,1
DA:3,1
DA:4,1
DA:5,1
DA:6,1
DA:7,1
DA:8,1
DA:9,1
DA:10,1
DA:11,1
DA:12,1
DA:13,1
DA:14,1
DA:15,1
DA:16,1
DA:17,1
DA:18,1
DA:19,1
DA:20,1
DA:21,0
DA:22,0
DA:23,1
DA:24,1
DA:25,0
DA:26,0
DA:27,0
DA:28,0
DA:29,0
DA:30,0
DA:31,0
DA:32,0
DA:33,1
DA:34,1
DA:35,1
DA:36,1
DA:37,0
DA:38,1
DA:39,1
DA:40,0
DA:41,1
DA:42,1
DA:43,1
DA:44,0
DA:45,1
DA:46,1
DA:47,1
DA:48,1
DA:49,1
DA:50,1
DA:51,1
DA:52,1
DA:53,1
DA:54,1
DA:55,0
DA:56,0
DA:57,0
LF:57
LH:41
BRDA:19,0,0,1
BRDA:20,1,0,0
BRDA:24,2,0,0
BRDA:54,3,0,0
BRDA:35,4,0,1
BRF:5
BRH:2
end_of_record
TN:
SF:utils\AbstractOperations\TypeConversion\ToObject.js
FN:26,ToObject
FNF:1
FNH:1
FNDA:1,ToObject
DA:1,1
DA:2,1
DA:3,1
DA:4,1
DA:5,1
DA:6,1
DA:7,1
DA:8,1
DA:9,1
DA:10,1
DA:11,1
DA:12,1
DA:13,1
DA:14,1
DA:15,1
DA:16,1
DA:17,1
DA:18,1
DA:19,1
DA:20,1
DA:21,1
DA:22,1
DA:23,1
DA:24,1
DA:25,1
DA:26,1
DA:27,1
DA:28,0
DA:29,0
DA:30,1
DA:31,1
DA:32,1
DA:33,1
DA:34,1
DA:35,1
DA:36,1
DA:37,1
DA:38,1
DA:39,1
DA:40,1
DA:41,1
DA:42,0
DA:43,1
DA:44,1
DA:45,1
DA:46,0
DA:47,0
DA:48,0
LF:48
LH:42
BRDA:26,0,0,1
BRDA:27,1,0,0
BRDA:41,2,0,0
BRDA:45,3,0,0
BRF:4
BRH:1
end_of_record
TN:
SF:utils\AbstractOperations\TypeConversion\ToPrimitive.js
FN:31,ToPrimitive
FN:81,OrdinaryToPrimitive
FNF:2
FNH:0
FNDA:0,ToPrimitive
FNDA:0,OrdinaryToPrimitive
DA:1,1
DA:2,1
DA:3,1
DA:4,1
DA:5,1
DA:6,1
DA:7,1
DA:8,1
DA:9,1
DA:10,1
DA:11,1
DA:12,1
DA:13,1
DA:14,1
DA:15,1
DA:16,1
DA:17,1
DA:18,1
DA:19,1
DA:20,1
DA:21,1
DA:22,1
DA:23,1
DA:24,1
DA:25,1
DA:26,1
DA:27,1
DA:28,1
DA:29,1
DA:30,1
DA:31,1
DA:32,0
DA:33,0
DA:34,0
DA:35,0
DA:36,0
DA:37,0
DA:38,0
DA:39,0
DA:40,0
DA:41,0
DA:42,0
DA:43,0
DA:44,0
DA:45,0
DA:46,0
DA:47,0
DA:48,0
DA:49,0
DA:50,0
DA:51,0
DA:52,0
DA:53,0
DA:54,0
DA:55,0
DA:56,0
DA:57,0
DA:58,0
DA:59,0
DA:60,0
DA:61,1
DA:62,1
DA:63,1
DA:64,1
DA:65,1
DA:66,1
DA:67,1
DA:68,1
DA:69,1
DA:70,1
DA:71,1
DA:72,1
DA:73,1
DA:74,1
DA:75,1
DA:76,1
DA:77,1
DA:78,1
DA:79,1
DA:80,1
DA:81,1
DA:82,0
DA:83,0
DA:84,0
DA:85,0
DA:86,0
DA:87,0
DA:88,0
DA:89,0
DA:90,0
DA:91,0
DA:92,0
DA:93,0
DA:94,0
DA:95,0
DA:96,0
DA:97,0
DA:98,0
DA:99,0
DA:100,0
DA:101,0
DA:102,0
DA:103,0
DA:104,0
LF:104
LH:52
BRF:0
BRH:0
end_of_record
TN:
SF:utils\AbstractOperations\TypeConversion\ToString.js
FN:23,ToString
FNF:1
FNH:0
FNDA:0,ToString
DA:1,1
DA:2,1
DA:3,1
DA:4,1
DA:5,1
DA:6,1
DA:7,1
DA:8,1
DA:9,1
DA:10,1
DA:11,1
DA:12,1
DA:13,1
DA:14,1
DA:15,1
DA:16,1
DA:17,1
DA:18,1
DA:19,1
DA:20,1
DA:21,1
DA:22,1
DA:23,1
DA:24,0
DA:25,0
DA:26,0
DA:27,0
DA:28,0
DA:29,0
DA:30,0
DA:31,0
DA:32,0
DA:33,0
DA:34,0
DA:35,0
DA:36,0
DA:37,0
DA:38,0
DA:39,0
DA:40,0
DA:41,0
DA:42,0
DA:43,0
DA:44,0
DA:45,0
DA:46,0
DA:47,0
DA:48,0
DA:49,0
DA:50,0
DA:51,0
DA:52,0
DA:53,0
LF:53
LH:23
BRF:0
BRH:0
end_of_record
TN:
SF:utils\AbstractOperations\TypeConversion\index.js
FN:1,get
FN:2,get
FN:3,get
FN:4,get
FN:5,get
FN:6,get
FN:7,get
FNF:7
FNH:5
FNDA:1,get
FNDA:1,get
FNDA:1,get
FNDA:0,get
FNDA:0,get
FNDA:1,get
FNDA:1,get
DA:1,1
DA:2,1
DA:3,1
DA:4,0
DA:5,0
DA:6,1
DA:7,1
LF:7
LH:5
BRDA:1,0,0,1
BRDA:1,1,0,0
BRDA:1,2,0,0
BRDA:1,3,0,0
BRDA:1,4,0,1
BRDA:2,5,0,1
BRDA:2,6,0,0
BRDA:2,7,0,0
BRDA:2,8,0,0
BRDA:2,9,0,1
BRDA:3,10,0,1
BRDA:3,11,0,0
BRDA:3,12,0,0
BRDA:3,13,0,0
BRDA:3,14,0,1
BRDA:4,15,0,1
BRDA:4,16,0,0
BRDA:4,17,0,0
BRDA:4,18,0,0
BRDA:5,19,0,2
BRDA:5,20,0,0
BRDA:5,21,0,0
BRDA:5,22,0,0
BRDA:6,23,0,1
BRDA:6,24,0,0
BRDA:6,25,0,0
BRDA:6,26,0,0
BRDA:6,27,0,1
BRDA:7,28,0,1
BRDA:7,29,0,0
BRDA:7,30,0,0
BRDA:7,31,0,0
BRDA:7,32,0,1
BRF:33
BRH:12
end_of_record
